  [4;36;1mSQL (42.0ms)[0m   [0;1m SELECT name
 FROM sqlite_master
 WHERE type = 'table' AND NOT name = 'sqlite_sequence'
[0m
  [4;35;1mSQL (7.8ms)[0m   [0mselect sqlite_version(*)[0m
  [4;36;1mSQL (138.0ms)[0m   [0;1mCREATE TABLE "schema_migrations" ("version" varchar(255) NOT NULL) [0m
  [4;35;1mSQL (31.3ms)[0m   [0mCREATE UNIQUE INDEX "unique_schema_migrations" ON "schema_migrations" ("version")[0m
  [4;36;1mSQL (0.3ms)[0m   [0;1m SELECT name
 FROM sqlite_master
 WHERE type = 'table' AND NOT name = 'sqlite_sequence'
[0m
  [4;35;1mSQL (0.1ms)[0m   [0mSELECT version FROM schema_migrations[0m
Migrating to CreateHighScores (20090218064937)
  [4;36;1mSQL (8.2ms)[0m   [0;1mCREATE TABLE "high_scores" ("id" INTEGER PRIMARY KEY AUTOINCREMENT NOT NULL, "score" integer, "full_name" varchar(255), "created_at" datetime, "updated_at" datetime) [0m
  [4;35;1mSQL (35.4ms)[0m   [0mINSERT INTO schema_migrations (version) VALUES ('20090218064937')[0m
  [4;36;1mSQL (0.4ms)[0m   [0;1m SELECT name
 FROM sqlite_master
 WHERE type = 'table' AND NOT name = 'sqlite_sequence'
[0m
  [4;35;1mSQL (0.2ms)[0m   [0mSELECT version FROM schema_migrations[0m
  [4;36;1mSQL (0.3ms)[0m   [0;1m SELECT name
 FROM sqlite_master
 WHERE type = 'table' AND NOT name = 'sqlite_sequence'
[0m
  [4;35;1mSQL (11.6ms)[0m   [0mPRAGMA index_list("high_scores")[0m


Processing HighScoresController#index to xml (for 127.0.0.1 at 2009-02-18 02:53:28) [GET]
  [4;36;1mHighScore Load (0.9ms)[0m   [0;1mSELECT * FROM "high_scores" [0m
Completed in 22ms (View: 0, DB: 1) | 200 OK [http://localhost/high_scores.xml]


Processing HighScoresController#new (for 127.0.0.1 at 2009-02-18 02:54:04) [GET]
Rendering template within layouts/high_scores
Rendering high_scores/new
Completed in 108ms (View: 101, DB: 0) | 200 OK [http://localhost/high_scores/new]


Processing HighScoresController#create (for 127.0.0.1 at 2009-02-18 02:54:32) [POST]
  Parameters: {"commit"=>"Create", "authenticity_token"=>"91111914a33da28932ad14f65a2dc894e39fd1d6", "high_score"=>{"score"=>"234037", "full_name"=>"Billy"}}
  [4;35;1mHighScore Create (11.7ms)[0m   [0mINSERT INTO "high_scores" ("score", "updated_at", "full_name", "created_at") VALUES(234037, '2009-02-18 06:54:32', 'Billy', '2009-02-18 06:54:32')[0m
Redirected to #<HighScore:0x2527a7c>
Completed in 41ms (DB: 12) | 302 Found [http://localhost/high_scores]


Processing HighScoresController#show (for 127.0.0.1 at 2009-02-18 02:54:32) [GET]
  Parameters: {"id"=>"1"}
  [4;36;1mHighScore Load (0.3ms)[0m   [0;1mSELECT * FROM "high_scores" WHERE ("high_scores"."id" = 1) [0m
Rendering template within layouts/high_scores
Rendering high_scores/show
Completed in 19ms (View: 7, DB: 0) | 200 OK [http://localhost/high_scores/1]


Processing HighScoresController#create (for 127.0.0.1 at 2009-02-18 02:54:57) [POST]
  Parameters: {"commit"=>"Create", "authenticity_token"=>"91111914a33da28932ad14f65a2dc894e39fd1d6", "high_score"=>{"score"=>"234047", "full_name"=>"Suzie"}}
  [4;35;1mHighScore Create (1.5ms)[0m   [0mINSERT INTO "high_scores" ("score", "updated_at", "full_name", "created_at") VALUES(234047, '2009-02-18 06:54:57', 'Suzie', '2009-02-18 06:54:57')[0m
Redirected to #<HighScore:0x2426f88>
Completed in 15ms (DB: 1) | 302 Found [http://localhost/high_scores]


Processing HighScoresController#show (for 127.0.0.1 at 2009-02-18 02:54:57) [GET]
  Parameters: {"id"=>"2"}
  [4;36;1mHighScore Load (0.4ms)[0m   [0;1mSELECT * FROM "high_scores" WHERE ("high_scores"."id" = 2) [0m
Rendering template within layouts/high_scores
Rendering high_scores/show
Completed in 31ms (View: 22, DB: 0) | 200 OK [http://localhost/high_scores/2]


Processing HighScoresController#index (for 127.0.0.1 at 2009-02-18 02:55:11) [GET]
  [4;35;1mHighScore Load (0.6ms)[0m   [0mSELECT * FROM "high_scores" [0m
Rendering template within layouts/high_scores
Rendering high_scores/index
Completed in 45ms (View: 39, DB: 1) | 200 OK [http://localhost/high_scores]


Processing HighScoresController#edit (for 127.0.0.1 at 2009-02-18 02:55:45) [GET]
  Parameters: {"id"=>"1"}
  [4;36;1mHighScore Load (0.3ms)[0m   [0;1mSELECT * FROM "high_scores" WHERE ("high_scores"."id" = 1) [0m
Rendering template within layouts/high_scores
Rendering high_scores/edit
Completed in 40ms (View: 31, DB: 0) | 200 OK [http://localhost/high_scores/1/edit]


Processing HighScoresController#update (for 127.0.0.1 at 2009-02-18 02:55:54) [PUT]
  Parameters: {"commit"=>"Update", "authenticity_token"=>"91111914a33da28932ad14f65a2dc894e39fd1d6", "id"=>"1", "high_score"=>{"score"=>"10002", "full_name"=>"Billy"}}
  [4;35;1mHighScore Load (0.3ms)[0m   [0mSELECT * FROM "high_scores" WHERE ("high_scores"."id" = 1) [0m
  [4;36;1mHighScore Update (0.5ms)[0m   [0;1mUPDATE "high_scores" SET "score" = 10002, "updated_at" = '2009-02-18 06:55:54' WHERE "id" = 1[0m
Redirected to #<HighScore:0x2234ef0>
Completed in 21ms (DB: 1) | 302 Found [http://localhost/high_scores/1]


Processing HighScoresController#show (for 127.0.0.1 at 2009-02-18 02:55:54) [GET]
  Parameters: {"id"=>"1"}
  [4;35;1mHighScore Load (0.3ms)[0m   [0mSELECT * FROM "high_scores" WHERE ("high_scores"."id" = 1) [0m
Rendering template within layouts/high_scores
Rendering high_scores/show
Completed in 26ms (View: 19, DB: 0) | 200 OK [http://localhost/high_scores/1]


Processing HighScoresController#edit (for 127.0.0.1 at 2009-02-18 02:55:57) [GET]
  Parameters: {"id"=>"2"}
  [4;36;1mHighScore Load (0.3ms)[0m   [0;1mSELECT * FROM "high_scores" WHERE ("high_scores"."id" = 2) [0m
Rendering template within layouts/high_scores
Rendering high_scores/edit
Completed in 15ms (View: 8, DB: 0) | 200 OK [http://localhost/high_scores/2/edit]


Processing HighScoresController#update (for 127.0.0.1 at 2009-02-18 02:56:09) [PUT]
  Parameters: {"commit"=>"Update", "authenticity_token"=>"91111914a33da28932ad14f65a2dc894e39fd1d6", "id"=>"2", "high_score"=>{"score"=>"10008", "full_name"=>"Suzie"}}
  [4;35;1mHighScore Load (0.3ms)[0m   [0mSELECT * FROM "high_scores" WHERE ("high_scores"."id" = 2) [0m
  [4;36;1mHighScore Update (0.6ms)[0m   [0;1mUPDATE "high_scores" SET "score" = 10008, "updated_at" = '2009-02-18 06:56:09' WHERE "id" = 2[0m
Redirected to #<HighScore:0x20fdb68>
Completed in 17ms (DB: 1) | 302 Found [http://localhost/high_scores/2]


Processing HighScoresController#show (for 127.0.0.1 at 2009-02-18 02:56:09) [GET]
  Parameters: {"id"=>"2"}
  [4;35;1mHighScore Load (0.2ms)[0m   [0mSELECT * FROM "high_scores" WHERE ("high_scores"."id" = 2) [0m
Rendering template within layouts/high_scores
Rendering high_scores/show
Completed in 120ms (View: 113, DB: 0) | 200 OK [http://localhost/high_scores/2]


Processing HighScoresController#index (for 127.0.0.1 at 2009-02-18 02:56:18) [GET]
  [4;36;1mHighScore Load (0.7ms)[0m   [0;1mSELECT * FROM "high_scores" [0m
Rendering template within layouts/high_scores
Rendering high_scores/index
Completed in 47ms (View: 37, DB: 1) | 200 OK [http://localhost/high_scores]


Processing HighScoresController#index to xml (for 127.0.0.1 at 2009-02-18 14:46:55) [GET]
  [4;35;1mHighScore Load (165.1ms)[0m   [0mSELECT * FROM "high_scores" [0m
Completed in 1778ms (View: 1225, DB: 165) | 200 OK [http://localhost/high_scores.xml]


Processing ApplicationController#index (for 127.0.0.1 at 2009-02-19 21:38:49) [GET]


ActionController::RoutingError (No route matches "//localhost:3000//high_scores.xml" with {:method=>:get}):
    /Library/Ruby/Gems/1.8/gems/actionpack-2.2.2/lib/action_controller/routing/recognition_optimisation.rb:66:in `recognize_path'
    /Library/Ruby/Gems/1.8/gems/actionpack-2.2.2/lib/action_controller/routing/route_set.rb:386:in `recognize'
    /Library/Ruby/Gems/1.8/gems/actionpack-2.2.2/lib/action_controller/dispatcher.rb:182:in `handle_request'
    /Library/Ruby/Gems/1.8/gems/actionpack-2.2.2/lib/action_controller/dispatcher.rb:110:in `dispatch_unlocked'
    /Library/Ruby/Gems/1.8/gems/actionpack-2.2.2/lib/action_controller/dispatcher.rb:123:in `dispatch'
    /Library/Ruby/Gems/1.8/gems/actionpack-2.2.2/lib/action_controller/dispatcher.rb:122:in `synchronize'
    /Library/Ruby/Gems/1.8/gems/actionpack-2.2.2/lib/action_controller/dispatcher.rb:122:in `dispatch'
    /Library/Ruby/Gems/1.8/gems/actionpack-2.2.2/lib/action_controller/dispatcher.rb:132:in `dispatch_cgi'
    /Library/Ruby/Gems/1.8/gems/actionpack-2.2.2/lib/action_controller/dispatcher.rb:39:in `dispatch'
    /Library/Ruby/Gems/1.8/gems/mongrel-1.1.5/bin/../lib/mongrel/rails.rb:76:in `process'
    /Library/Ruby/Gems/1.8/gems/mongrel-1.1.5/bin/../lib/mongrel/rails.rb:74:in `synchronize'
    /Library/Ruby/Gems/1.8/gems/mongrel-1.1.5/bin/../lib/mongrel/rails.rb:74:in `process'
    /Library/Ruby/Gems/1.8/gems/mongrel-1.1.5/lib/mongrel.rb:159:in `process_client'
    /Library/Ruby/Gems/1.8/gems/mongrel-1.1.5/lib/mongrel.rb:158:in `each'
    /Library/Ruby/Gems/1.8/gems/mongrel-1.1.5/lib/mongrel.rb:158:in `process_client'
    /Library/Ruby/Gems/1.8/gems/mongrel-1.1.5/lib/mongrel.rb:285:in `run'
    /Library/Ruby/Gems/1.8/gems/mongrel-1.1.5/lib/mongrel.rb:285:in `initialize'
    /Library/Ruby/Gems/1.8/gems/mongrel-1.1.5/lib/mongrel.rb:285:in `new'
    /Library/Ruby/Gems/1.8/gems/mongrel-1.1.5/lib/mongrel.rb:285:in `run'
    /Library/Ruby/Gems/1.8/gems/mongrel-1.1.5/lib/mongrel.rb:268:in `initialize'
    /Library/Ruby/Gems/1.8/gems/mongrel-1.1.5/lib/mongrel.rb:268:in `new'
    /Library/Ruby/Gems/1.8/gems/mongrel-1.1.5/lib/mongrel.rb:268:in `run'
    /Library/Ruby/Gems/1.8/gems/mongrel-1.1.5/lib/mongrel/configurator.rb:282:in `run'
    /Library/Ruby/Gems/1.8/gems/mongrel-1.1.5/lib/mongrel/configurator.rb:281:in `each'
    /Library/Ruby/Gems/1.8/gems/mongrel-1.1.5/lib/mongrel/configurator.rb:281:in `run'
    /Library/Ruby/Gems/1.8/gems/mongrel-1.1.5/bin/mongrel_rails:128:in `run'
    /Library/Ruby/Gems/1.8/gems/mongrel-1.1.5/lib/mongrel/command.rb:212:in `run'
    /Library/Ruby/Gems/1.8/gems/mongrel-1.1.5/bin/mongrel_rails:281
    /Library/Ruby/Gems/1.8/gems/activesupport-2.2.2/lib/active_support/dependencies.rb:142:in `load_without_new_constant_marking'
    /Library/Ruby/Gems/1.8/gems/activesupport-2.2.2/lib/active_support/dependencies.rb:142:in `load'
    /Library/Ruby/Gems/1.8/gems/activesupport-2.2.2/lib/active_support/dependencies.rb:521:in `new_constants_in'
    /Library/Ruby/Gems/1.8/gems/activesupport-2.2.2/lib/active_support/dependencies.rb:142:in `load'
    /Library/Ruby/Gems/1.8/gems/rails-2.2.2/lib/commands/servers/mongrel.rb:64
    /Library/Ruby/Site/1.8/rubygems/custom_require.rb:31:in `gem_original_require'
    /Library/Ruby/Site/1.8/rubygems/custom_require.rb:31:in `require'
    /Library/Ruby/Gems/1.8/gems/activesupport-2.2.2/lib/active_support/dependencies.rb:153:in `require'
    /Library/Ruby/Gems/1.8/gems/activesupport-2.2.2/lib/active_support/dependencies.rb:521:in `new_constants_in'
    /Library/Ruby/Gems/1.8/gems/activesupport-2.2.2/lib/active_support/dependencies.rb:153:in `require'
    /Library/Ruby/Gems/1.8/gems/rails-2.2.2/lib/commands/server.rb:49
    /Library/Ruby/Site/1.8/rubygems/custom_require.rb:31:in `gem_original_require'
    /Library/Ruby/Site/1.8/rubygems/custom_require.rb:31:in `require'
    script/server:3

Rendering /Library/Ruby/Gems/1.8/gems/actionpack-2.2.2/lib/action_controller/templates/rescues/layout.erb (not_found)


Processing ApplicationController#index (for 127.0.0.1 at 2009-02-20 04:00:22) [GET]


ActionController::RoutingError (No route matches "//high_scores.xml" with {:method=>:get}):
    /Library/Ruby/Gems/1.8/gems/actionpack-2.2.2/lib/action_controller/routing/recognition_optimisation.rb:66:in `recognize_path'
    /Library/Ruby/Gems/1.8/gems/actionpack-2.2.2/lib/action_controller/routing/route_set.rb:386:in `recognize'
    /Library/Ruby/Gems/1.8/gems/actionpack-2.2.2/lib/action_controller/dispatcher.rb:182:in `handle_request'
    /Library/Ruby/Gems/1.8/gems/actionpack-2.2.2/lib/action_controller/dispatcher.rb:110:in `dispatch_unlocked'
    /Library/Ruby/Gems/1.8/gems/actionpack-2.2.2/lib/action_controller/dispatcher.rb:123:in `dispatch'
    /Library/Ruby/Gems/1.8/gems/actionpack-2.2.2/lib/action_controller/dispatcher.rb:122:in `synchronize'
    /Library/Ruby/Gems/1.8/gems/actionpack-2.2.2/lib/action_controller/dispatcher.rb:122:in `dispatch'
    /Library/Ruby/Gems/1.8/gems/actionpack-2.2.2/lib/action_controller/dispatcher.rb:132:in `dispatch_cgi'
    /Library/Ruby/Gems/1.8/gems/actionpack-2.2.2/lib/action_controller/dispatcher.rb:39:in `dispatch'
    /Library/Ruby/Gems/1.8/gems/mongrel-1.1.5/bin/../lib/mongrel/rails.rb:76:in `process'
    /Library/Ruby/Gems/1.8/gems/mongrel-1.1.5/bin/../lib/mongrel/rails.rb:74:in `synchronize'
    /Library/Ruby/Gems/1.8/gems/mongrel-1.1.5/bin/../lib/mongrel/rails.rb:74:in `process'
    /Library/Ruby/Gems/1.8/gems/mongrel-1.1.5/lib/mongrel.rb:159:in `process_client'
    /Library/Ruby/Gems/1.8/gems/mongrel-1.1.5/lib/mongrel.rb:158:in `each'
    /Library/Ruby/Gems/1.8/gems/mongrel-1.1.5/lib/mongrel.rb:158:in `process_client'
    /Library/Ruby/Gems/1.8/gems/mongrel-1.1.5/lib/mongrel.rb:285:in `run'
    /Library/Ruby/Gems/1.8/gems/mongrel-1.1.5/lib/mongrel.rb:285:in `initialize'
    /Library/Ruby/Gems/1.8/gems/mongrel-1.1.5/lib/mongrel.rb:285:in `new'
    /Library/Ruby/Gems/1.8/gems/mongrel-1.1.5/lib/mongrel.rb:285:in `run'
    /Library/Ruby/Gems/1.8/gems/mongrel-1.1.5/lib/mongrel.rb:268:in `initialize'
    /Library/Ruby/Gems/1.8/gems/mongrel-1.1.5/lib/mongrel.rb:268:in `new'
    /Library/Ruby/Gems/1.8/gems/mongrel-1.1.5/lib/mongrel.rb:268:in `run'
    /Library/Ruby/Gems/1.8/gems/mongrel-1.1.5/lib/mongrel/configurator.rb:282:in `run'
    /Library/Ruby/Gems/1.8/gems/mongrel-1.1.5/lib/mongrel/configurator.rb:281:in `each'
    /Library/Ruby/Gems/1.8/gems/mongrel-1.1.5/lib/mongrel/configurator.rb:281:in `run'
    /Library/Ruby/Gems/1.8/gems/mongrel-1.1.5/bin/mongrel_rails:128:in `run'
    /Library/Ruby/Gems/1.8/gems/mongrel-1.1.5/lib/mongrel/command.rb:212:in `run'
    /Library/Ruby/Gems/1.8/gems/mongrel-1.1.5/bin/mongrel_rails:281
    /Library/Ruby/Gems/1.8/gems/activesupport-2.2.2/lib/active_support/dependencies.rb:142:in `load_without_new_constant_marking'
    /Library/Ruby/Gems/1.8/gems/activesupport-2.2.2/lib/active_support/dependencies.rb:142:in `load'
    /Library/Ruby/Gems/1.8/gems/activesupport-2.2.2/lib/active_support/dependencies.rb:521:in `new_constants_in'
    /Library/Ruby/Gems/1.8/gems/activesupport-2.2.2/lib/active_support/dependencies.rb:142:in `load'
    /Library/Ruby/Gems/1.8/gems/rails-2.2.2/lib/commands/servers/mongrel.rb:64
    /Library/Ruby/Site/1.8/rubygems/custom_require.rb:31:in `gem_original_require'
    /Library/Ruby/Site/1.8/rubygems/custom_require.rb:31:in `require'
    /Library/Ruby/Gems/1.8/gems/activesupport-2.2.2/lib/active_support/dependencies.rb:153:in `require'
    /Library/Ruby/Gems/1.8/gems/activesupport-2.2.2/lib/active_support/dependencies.rb:521:in `new_constants_in'
    /Library/Ruby/Gems/1.8/gems/activesupport-2.2.2/lib/active_support/dependencies.rb:153:in `require'
    /Library/Ruby/Gems/1.8/gems/rails-2.2.2/lib/commands/server.rb:49
    /Library/Ruby/Site/1.8/rubygems/custom_require.rb:31:in `gem_original_require'
    /Library/Ruby/Site/1.8/rubygems/custom_require.rb:31:in `require'
    script/server:3

Rendering /Library/Ruby/Gems/1.8/gems/actionpack-2.2.2/lib/action_controller/templates/rescues/layout.erb (not_found)


Processing ApplicationController#index (for 127.0.0.1 at 2009-02-20 04:01:33) [GET]


ActionController::RoutingError (No route matches "//high_scores.xml" with {:method=>:get}):
    /Library/Ruby/Gems/1.8/gems/actionpack-2.2.2/lib/action_controller/routing/recognition_optimisation.rb:66:in `recognize_path'
    /Library/Ruby/Gems/1.8/gems/actionpack-2.2.2/lib/action_controller/routing/route_set.rb:386:in `recognize'
    /Library/Ruby/Gems/1.8/gems/actionpack-2.2.2/lib/action_controller/dispatcher.rb:182:in `handle_request'
    /Library/Ruby/Gems/1.8/gems/actionpack-2.2.2/lib/action_controller/dispatcher.rb:110:in `dispatch_unlocked'
    /Library/Ruby/Gems/1.8/gems/actionpack-2.2.2/lib/action_controller/dispatcher.rb:123:in `dispatch'
    /Library/Ruby/Gems/1.8/gems/actionpack-2.2.2/lib/action_controller/dispatcher.rb:122:in `synchronize'
    /Library/Ruby/Gems/1.8/gems/actionpack-2.2.2/lib/action_controller/dispatcher.rb:122:in `dispatch'
    /Library/Ruby/Gems/1.8/gems/actionpack-2.2.2/lib/action_controller/dispatcher.rb:132:in `dispatch_cgi'
    /Library/Ruby/Gems/1.8/gems/actionpack-2.2.2/lib/action_controller/dispatcher.rb:39:in `dispatch'
    /Library/Ruby/Gems/1.8/gems/mongrel-1.1.5/bin/../lib/mongrel/rails.rb:76:in `process'
    /Library/Ruby/Gems/1.8/gems/mongrel-1.1.5/bin/../lib/mongrel/rails.rb:74:in `synchronize'
    /Library/Ruby/Gems/1.8/gems/mongrel-1.1.5/bin/../lib/mongrel/rails.rb:74:in `process'
    /Library/Ruby/Gems/1.8/gems/mongrel-1.1.5/lib/mongrel.rb:159:in `process_client'
    /Library/Ruby/Gems/1.8/gems/mongrel-1.1.5/lib/mongrel.rb:158:in `each'
    /Library/Ruby/Gems/1.8/gems/mongrel-1.1.5/lib/mongrel.rb:158:in `process_client'
    /Library/Ruby/Gems/1.8/gems/mongrel-1.1.5/lib/mongrel.rb:285:in `run'
    /Library/Ruby/Gems/1.8/gems/mongrel-1.1.5/lib/mongrel.rb:285:in `initialize'
    /Library/Ruby/Gems/1.8/gems/mongrel-1.1.5/lib/mongrel.rb:285:in `new'
    /Library/Ruby/Gems/1.8/gems/mongrel-1.1.5/lib/mongrel.rb:285:in `run'
    /Library/Ruby/Gems/1.8/gems/mongrel-1.1.5/lib/mongrel.rb:268:in `initialize'
    /Library/Ruby/Gems/1.8/gems/mongrel-1.1.5/lib/mongrel.rb:268:in `new'
    /Library/Ruby/Gems/1.8/gems/mongrel-1.1.5/lib/mongrel.rb:268:in `run'
    /Library/Ruby/Gems/1.8/gems/mongrel-1.1.5/lib/mongrel/configurator.rb:282:in `run'
    /Library/Ruby/Gems/1.8/gems/mongrel-1.1.5/lib/mongrel/configurator.rb:281:in `each'
    /Library/Ruby/Gems/1.8/gems/mongrel-1.1.5/lib/mongrel/configurator.rb:281:in `run'
    /Library/Ruby/Gems/1.8/gems/mongrel-1.1.5/bin/mongrel_rails:128:in `run'
    /Library/Ruby/Gems/1.8/gems/mongrel-1.1.5/lib/mongrel/command.rb:212:in `run'
    /Library/Ruby/Gems/1.8/gems/mongrel-1.1.5/bin/mongrel_rails:281
    /Library/Ruby/Gems/1.8/gems/activesupport-2.2.2/lib/active_support/dependencies.rb:142:in `load_without_new_constant_marking'
    /Library/Ruby/Gems/1.8/gems/activesupport-2.2.2/lib/active_support/dependencies.rb:142:in `load'
    /Library/Ruby/Gems/1.8/gems/activesupport-2.2.2/lib/active_support/dependencies.rb:521:in `new_constants_in'
    /Library/Ruby/Gems/1.8/gems/activesupport-2.2.2/lib/active_support/dependencies.rb:142:in `load'
    /Library/Ruby/Gems/1.8/gems/rails-2.2.2/lib/commands/servers/mongrel.rb:64
    /Library/Ruby/Site/1.8/rubygems/custom_require.rb:31:in `gem_original_require'
    /Library/Ruby/Site/1.8/rubygems/custom_require.rb:31:in `require'
    /Library/Ruby/Gems/1.8/gems/activesupport-2.2.2/lib/active_support/dependencies.rb:153:in `require'
    /Library/Ruby/Gems/1.8/gems/activesupport-2.2.2/lib/active_support/dependencies.rb:521:in `new_constants_in'
    /Library/Ruby/Gems/1.8/gems/activesupport-2.2.2/lib/active_support/dependencies.rb:153:in `require'
    /Library/Ruby/Gems/1.8/gems/rails-2.2.2/lib/commands/server.rb:49
    /Library/Ruby/Site/1.8/rubygems/custom_require.rb:31:in `gem_original_require'
    /Library/Ruby/Site/1.8/rubygems/custom_require.rb:31:in `require'
    script/server:3

Rendering /Library/Ruby/Gems/1.8/gems/actionpack-2.2.2/lib/action_controller/templates/rescues/layout.erb (not_found)


Processing ApplicationController#index (for 127.0.0.1 at 2009-02-20 04:03:19) [GET]


ActionController::RoutingError (No route matches "//high_scores.xml" with {:method=>:get}):
    /Library/Ruby/Gems/1.8/gems/actionpack-2.2.2/lib/action_controller/routing/recognition_optimisation.rb:66:in `recognize_path'
    /Library/Ruby/Gems/1.8/gems/actionpack-2.2.2/lib/action_controller/routing/route_set.rb:386:in `recognize'
    /Library/Ruby/Gems/1.8/gems/actionpack-2.2.2/lib/action_controller/dispatcher.rb:182:in `handle_request'
    /Library/Ruby/Gems/1.8/gems/actionpack-2.2.2/lib/action_controller/dispatcher.rb:110:in `dispatch_unlocked'
    /Library/Ruby/Gems/1.8/gems/actionpack-2.2.2/lib/action_controller/dispatcher.rb:123:in `dispatch'
    /Library/Ruby/Gems/1.8/gems/actionpack-2.2.2/lib/action_controller/dispatcher.rb:122:in `synchronize'
    /Library/Ruby/Gems/1.8/gems/actionpack-2.2.2/lib/action_controller/dispatcher.rb:122:in `dispatch'
    /Library/Ruby/Gems/1.8/gems/actionpack-2.2.2/lib/action_controller/dispatcher.rb:132:in `dispatch_cgi'
    /Library/Ruby/Gems/1.8/gems/actionpack-2.2.2/lib/action_controller/dispatcher.rb:39:in `dispatch'
    /Library/Ruby/Gems/1.8/gems/mongrel-1.1.5/bin/../lib/mongrel/rails.rb:76:in `process'
    /Library/Ruby/Gems/1.8/gems/mongrel-1.1.5/bin/../lib/mongrel/rails.rb:74:in `synchronize'
    /Library/Ruby/Gems/1.8/gems/mongrel-1.1.5/bin/../lib/mongrel/rails.rb:74:in `process'
    /Library/Ruby/Gems/1.8/gems/mongrel-1.1.5/lib/mongrel.rb:159:in `process_client'
    /Library/Ruby/Gems/1.8/gems/mongrel-1.1.5/lib/mongrel.rb:158:in `each'
    /Library/Ruby/Gems/1.8/gems/mongrel-1.1.5/lib/mongrel.rb:158:in `process_client'
    /Library/Ruby/Gems/1.8/gems/mongrel-1.1.5/lib/mongrel.rb:285:in `run'
    /Library/Ruby/Gems/1.8/gems/mongrel-1.1.5/lib/mongrel.rb:285:in `initialize'
    /Library/Ruby/Gems/1.8/gems/mongrel-1.1.5/lib/mongrel.rb:285:in `new'
    /Library/Ruby/Gems/1.8/gems/mongrel-1.1.5/lib/mongrel.rb:285:in `run'
    /Library/Ruby/Gems/1.8/gems/mongrel-1.1.5/lib/mongrel.rb:268:in `initialize'
    /Library/Ruby/Gems/1.8/gems/mongrel-1.1.5/lib/mongrel.rb:268:in `new'
    /Library/Ruby/Gems/1.8/gems/mongrel-1.1.5/lib/mongrel.rb:268:in `run'
    /Library/Ruby/Gems/1.8/gems/mongrel-1.1.5/lib/mongrel/configurator.rb:282:in `run'
    /Library/Ruby/Gems/1.8/gems/mongrel-1.1.5/lib/mongrel/configurator.rb:281:in `each'
    /Library/Ruby/Gems/1.8/gems/mongrel-1.1.5/lib/mongrel/configurator.rb:281:in `run'
    /Library/Ruby/Gems/1.8/gems/mongrel-1.1.5/bin/mongrel_rails:128:in `run'
    /Library/Ruby/Gems/1.8/gems/mongrel-1.1.5/lib/mongrel/command.rb:212:in `run'
    /Library/Ruby/Gems/1.8/gems/mongrel-1.1.5/bin/mongrel_rails:281
    /Library/Ruby/Gems/1.8/gems/activesupport-2.2.2/lib/active_support/dependencies.rb:142:in `load_without_new_constant_marking'
    /Library/Ruby/Gems/1.8/gems/activesupport-2.2.2/lib/active_support/dependencies.rb:142:in `load'
    /Library/Ruby/Gems/1.8/gems/activesupport-2.2.2/lib/active_support/dependencies.rb:521:in `new_constants_in'
    /Library/Ruby/Gems/1.8/gems/activesupport-2.2.2/lib/active_support/dependencies.rb:142:in `load'
    /Library/Ruby/Gems/1.8/gems/rails-2.2.2/lib/commands/servers/mongrel.rb:64
    /Library/Ruby/Site/1.8/rubygems/custom_require.rb:31:in `gem_original_require'
    /Library/Ruby/Site/1.8/rubygems/custom_require.rb:31:in `require'
    /Library/Ruby/Gems/1.8/gems/activesupport-2.2.2/lib/active_support/dependencies.rb:153:in `require'
    /Library/Ruby/Gems/1.8/gems/activesupport-2.2.2/lib/active_support/dependencies.rb:521:in `new_constants_in'
    /Library/Ruby/Gems/1.8/gems/activesupport-2.2.2/lib/active_support/dependencies.rb:153:in `require'
    /Library/Ruby/Gems/1.8/gems/rails-2.2.2/lib/commands/server.rb:49
    /Library/Ruby/Site/1.8/rubygems/custom_require.rb:31:in `gem_original_require'
    /Library/Ruby/Site/1.8/rubygems/custom_require.rb:31:in `require'
    script/server:3

Rendering /Library/Ruby/Gems/1.8/gems/actionpack-2.2.2/lib/action_controller/templates/rescues/layout.erb (not_found)


Processing HighScoresController#index to xml (for 127.0.0.1 at 2009-02-20 04:04:55) [GET]
  [4;36;1mHighScore Load (0.8ms)[0m   [0;1mSELECT * FROM "high_scores" [0m
Completed in 141ms (View: 124, DB: 1) | 200 OK [http://localhost/high_scores.xml]


Processing HighScoresController#index to xml (for 127.0.0.1 at 2009-02-20 04:08:35) [GET]
  [4;35;1mHighScore Load (0.7ms)[0m   [0mSELECT * FROM "high_scores" [0m
Completed in 17ms (View: 9, DB: 1) | 200 OK [http://localhost/high_scores.xml]


Processing HighScoresController#index to xml (for 127.0.0.1 at 2009-02-20 04:12:38) [GET]
  [4;36;1mHighScore Load (1.9ms)[0m   [0;1mSELECT * FROM "high_scores" [0m
Completed in 111ms (View: 5, DB: 2) | 200 OK [http://localhost/high_scores.xml]


Processing HighScoresController#index to xml (for 127.0.0.1 at 2009-02-20 04:16:23) [GET]
  [4;35;1mHighScore Load (1.1ms)[0m   [0mSELECT * FROM "high_scores" [0m
Completed in 12ms (View: 4, DB: 1) | 200 OK [http://localhost/high_scores.xml]


Processing HighScoresController#index to xml (for 127.0.0.1 at 2009-02-20 04:17:43) [GET]
  [4;36;1mHighScore Load (2.3ms)[0m   [0;1mSELECT * FROM "high_scores" [0m
Completed in 136ms (View: 14, DB: 2) | 200 OK [http://localhost/high_scores.xml]


Processing HighScoresController#index to xml (for 127.0.0.1 at 2009-02-20 04:18:55) [GET]
  [4;35;1mHighScore Load (0.7ms)[0m   [0mSELECT * FROM "high_scores" [0m
Completed in 34ms (View: 16, DB: 1) | 200 OK [http://localhost/high_scores.xml]


Processing HighScoresController#index to xml (for 127.0.0.1 at 2009-02-20 04:33:59) [GET]
  [4;36;1mHighScore Load (0.9ms)[0m   [0;1mSELECT * FROM "high_scores" [0m
Completed in 23ms (View: 9, DB: 1) | 200 OK [http://localhost/high_scores.xml]


Processing HighScoresController#index to xml (for 127.0.0.1 at 2009-02-20 04:35:24) [GET]
  [4;35;1mHighScore Load (0.7ms)[0m   [0mSELECT * FROM "high_scores" [0m
Completed in 22ms (View: 10, DB: 1) | 200 OK [http://localhost/high_scores.xml]


Processing HighScoresController#index to xml (for 127.0.0.1 at 2009-02-20 04:37:17) [GET]
  [4;36;1mHighScore Load (0.7ms)[0m   [0;1mSELECT * FROM "high_scores" [0m
Completed in 13ms (View: 5, DB: 1) | 200 OK [http://localhost/high_scores.xml]


Processing HighScoresController#index to xml (for 127.0.0.1 at 2009-02-20 04:37:59) [GET]
  [4;35;1mHighScore Load (6.2ms)[0m   [0mSELECT * FROM "high_scores" [0m
Completed in 21ms (View: 5, DB: 6) | 200 OK [http://localhost/high_scores.xml]


Processing HighScoresController#index to xml (for 127.0.0.1 at 2009-02-20 04:42:36) [GET]
  [4;36;1mHighScore Load (0.7ms)[0m   [0;1mSELECT * FROM "high_scores" [0m
Completed in 156ms (View: 24, DB: 1) | 200 OK [http://localhost/high_scores.xml]


Processing HighScoresController#index to xml (for 127.0.0.1 at 2009-02-20 04:46:34) [GET]
  [4;35;1mHighScore Load (0.7ms)[0m   [0mSELECT * FROM "high_scores" [0m
Completed in 39ms (View: 16, DB: 1) | 200 OK [http://localhost/high_scores.xml]


Processing HighScoresController#index to xml (for 127.0.0.1 at 2009-02-20 04:48:14) [GET]
  [4;36;1mHighScore Load (1.3ms)[0m   [0;1mSELECT * FROM "high_scores" [0m
Completed in 23ms (View: 11, DB: 1) | 200 OK [http://localhost/high_scores.xml]


Processing HighScoresController#index to xml (for 127.0.0.1 at 2009-02-20 04:50:52) [GET]
  [4;35;1mHighScore Load (0.8ms)[0m   [0mSELECT * FROM "high_scores" [0m
Completed in 27ms (View: 14, DB: 1) | 200 OK [http://localhost/high_scores.xml]


Processing HighScoresController#index to xml (for 127.0.0.1 at 2009-02-20 04:52:10) [GET]
  [4;36;1mHighScore Load (0.6ms)[0m   [0;1mSELECT * FROM "high_scores" [0m
Completed in 22ms (View: 4, DB: 1) | 200 OK [http://localhost/high_scores.xml]


Processing HighScoresController#index to xml (for 127.0.0.1 at 2009-02-20 05:14:36) [GET]
  [4;35;1mHighScore Load (0.7ms)[0m   [0mSELECT * FROM "high_scores" [0m
Completed in 20ms (View: 5, DB: 1) | 200 OK [http://localhost/high_scores.xml]


Processing HighScoresController#index to xml (for 127.0.0.1 at 2009-02-20 05:15:42) [GET]
  [4;36;1mHighScore Load (0.8ms)[0m   [0;1mSELECT * FROM "high_scores" [0m
Completed in 31ms (View: 6, DB: 1) | 200 OK [http://localhost/high_scores.xml]


Processing HighScoresController#index to xml (for 127.0.0.1 at 2009-02-20 13:39:52) [GET]
  [4;35;1mHighScore Load (27.5ms)[0m   [0mSELECT * FROM "high_scores" [0m
Completed in 216ms (View: 41, DB: 28) | 200 OK [http://localhost/high_scores.xml]


Processing HighScoresController#index to xml (for 127.0.0.1 at 2009-02-20 13:46:28) [GET]
  [4;36;1mHighScore Load (0.7ms)[0m   [0;1mSELECT * FROM "high_scores" [0m
Completed in 81ms (View: 31, DB: 1) | 200 OK [http://localhost/high_scores.xml]


Processing HighScoresController#index to xml (for 127.0.0.1 at 2009-02-20 13:51:01) [GET]
  [4;35;1mHighScore Load (6.0ms)[0m   [0mSELECT * FROM "high_scores" [0m
Completed in 136ms (View: 34, DB: 6) | 200 OK [http://localhost/high_scores.xml]


Processing HighScoresController#index (for 127.0.0.1 at 2009-02-20 13:51:37) [GET]
  [4;36;1mHighScore Load (2.7ms)[0m   [0;1mSELECT * FROM "high_scores" [0m
Rendering template within layouts/high_scores
Rendering high_scores/index
Completed in 51ms (View: 34, DB: 3) | 200 OK [http://localhost/high_scores]


Processing HighScoresController#edit (for 127.0.0.1 at 2009-02-20 13:51:53) [GET]
  Parameters: {"id"=>"1"}
  [4;35;1mHighScore Load (0.9ms)[0m   [0mSELECT * FROM "high_scores" WHERE ("high_scores"."id" = 1) [0m
Rendering template within layouts/high_scores
Rendering high_scores/edit
Completed in 28ms (View: 11, DB: 1) | 200 OK [http://localhost/high_scores/1/edit]


Processing HighScoresController#update (for 127.0.0.1 at 2009-02-20 13:51:58) [PUT]
  Parameters: {"commit"=>"Update", "authenticity_token"=>"df79656efc833e04af2788b59cf1bb08fd843e88", "id"=>"1", "high_score"=>{"score"=>"10012", "full_name"=>"Billy"}}
  [4;36;1mHighScore Load (0.3ms)[0m   [0;1mSELECT * FROM "high_scores" WHERE ("high_scores"."id" = 1) [0m
  [4;35;1mHighScore Update (0.6ms)[0m   [0mUPDATE "high_scores" SET "score" = 10012, "updated_at" = '2009-02-20 17:51:58' WHERE "id" = 1[0m
Redirected to #<HighScore:0x2372dbc>
Completed in 17ms (DB: 1) | 302 Found [http://localhost/high_scores/1]


Processing HighScoresController#show (for 127.0.0.1 at 2009-02-20 13:51:58) [GET]
  Parameters: {"id"=>"1"}
  [4;36;1mHighScore Load (0.4ms)[0m   [0;1mSELECT * FROM "high_scores" WHERE ("high_scores"."id" = 1) [0m
Rendering template within layouts/high_scores
Rendering high_scores/show
Completed in 27ms (View: 20, DB: 0) | 200 OK [http://localhost/high_scores/1]


Processing HighScoresController#index (for 127.0.0.1 at 2009-02-20 13:52:03) [GET]
  [4;35;1mHighScore Load (1.1ms)[0m   [0mSELECT * FROM "high_scores" [0m
Rendering template within layouts/high_scores
Rendering high_scores/index
Completed in 160ms (View: 135, DB: 1) | 200 OK [http://localhost/high_scores]


Processing HighScoresController#index to xml (for 127.0.0.1 at 2009-02-20 13:52:11) [GET]
  [4;36;1mHighScore Load (0.9ms)[0m   [0;1mSELECT * FROM "high_scores" [0m
Completed in 19ms (View: 8, DB: 1) | 200 OK [http://localhost/high_scores.xml]


Processing HighScoresController#index to xml (for 127.0.0.1 at 2009-02-20 13:52:37) [GET]
  [4;35;1mHighScore Load (0.8ms)[0m   [0mSELECT * FROM "high_scores" [0m
Completed in 10ms (View: 4, DB: 1) | 200 OK [http://localhost/high_scores.xml]


Processing HighScoresController#edit (for 127.0.0.1 at 2009-02-20 13:52:49) [GET]
  Parameters: {"id"=>"1"}
  [4;36;1mHighScore Load (1.0ms)[0m   [0;1mSELECT * FROM "high_scores" WHERE ("high_scores"."id" = 1) [0m
Rendering template within layouts/high_scores
Rendering high_scores/edit
Completed in 28ms (View: 15, DB: 1) | 200 OK [http://localhost/high_scores/1/edit]


Processing HighScoresController#update (for 127.0.0.1 at 2009-02-20 13:52:57) [PUT]
  Parameters: {"commit"=>"Update", "authenticity_token"=>"df79656efc833e04af2788b59cf1bb08fd843e88", "id"=>"1", "high_score"=>{"score"=>"10002", "full_name"=>"Billy"}}
  [4;35;1mHighScore Load (0.4ms)[0m   [0mSELECT * FROM "high_scores" WHERE ("high_scores"."id" = 1) [0m
  [4;36;1mHighScore Update (2.3ms)[0m   [0;1mUPDATE "high_scores" SET "score" = 10002, "updated_at" = '2009-02-20 17:52:57' WHERE "id" = 1[0m
Redirected to #<HighScore:0x20e476c>
Completed in 87ms (DB: 3) | 302 Found [http://localhost/high_scores/1]


Processing HighScoresController#show (for 127.0.0.1 at 2009-02-20 13:52:57) [GET]
  Parameters: {"id"=>"1"}
  [4;35;1mHighScore Load (0.4ms)[0m   [0mSELECT * FROM "high_scores" WHERE ("high_scores"."id" = 1) [0m
Rendering template within layouts/high_scores
Rendering high_scores/show
Completed in 209ms (View: 9, DB: 0) | 200 OK [http://localhost/high_scores/1]


Processing HighScoresController#index (for 127.0.0.1 at 2009-02-20 13:53:02) [GET]
  [4;36;1mHighScore Load (1.1ms)[0m   [0;1mSELECT * FROM "high_scores" [0m
Rendering template within layouts/high_scores
Rendering high_scores/index
Completed in 16ms (View: 9, DB: 1) | 200 OK [http://localhost/high_scores]


Processing HighScoresController#index to xml (for 127.0.0.1 at 2009-02-20 13:53:05) [GET]
  [4;35;1mHighScore Load (9.8ms)[0m   [0mSELECT * FROM "high_scores" [0m
Completed in 33ms (View: 7, DB: 10) | 200 OK [http://localhost/high_scores.xml]


Processing HighScoresController#index to xml (for 127.0.0.1 at 2009-02-20 13:56:28) [GET]
  [4;36;1mHighScore Load (0.7ms)[0m   [0;1mSELECT * FROM "high_scores" [0m
Completed in 109ms (View: 12, DB: 1) | 200 OK [http://localhost/high_scores.xml]


Processing HighScoresController#update (for 127.0.0.1 at 2009-02-20 13:56:51) [PUT]
  Parameters: {"commit"=>"Update", "authenticity_token"=>"df79656efc833e04af2788b59cf1bb08fd843e88", "id"=>"1", "high_score"=>{"score"=>"10012", "full_name"=>"Billy"}}
  [4;35;1mHighScore Load (0.3ms)[0m   [0mSELECT * FROM "high_scores" WHERE ("high_scores"."id" = 1) [0m
  [4;36;1mHighScore Update (0.5ms)[0m   [0;1mUPDATE "high_scores" SET "score" = 10012, "updated_at" = '2009-02-20 17:56:51' WHERE "id" = 1[0m
Redirected to #<HighScore:0x2380d04>
Completed in 47ms (DB: 1) | 302 Found [http://localhost/high_scores/1]


Processing HighScoresController#show (for 127.0.0.1 at 2009-02-20 13:56:51) [GET]
  Parameters: {"id"=>"1"}
  [4;35;1mHighScore Load (0.3ms)[0m   [0mSELECT * FROM "high_scores" WHERE ("high_scores"."id" = 1) [0m
Rendering template within layouts/high_scores
Rendering high_scores/show
Completed in 15ms (View: 7, DB: 0) | 200 OK [http://localhost/high_scores/1]


Processing HighScoresController#index to xml (for 127.0.0.1 at 2009-02-20 13:56:55) [GET]
  [4;36;1mHighScore Load (2.9ms)[0m   [0;1mSELECT * FROM "high_scores" [0m
Completed in 37ms (View: 4, DB: 3) | 200 OK [http://localhost/high_scores.xml]


Processing HighScoresController#update (for 127.0.0.1 at 2009-02-20 13:57:07) [PUT]
  Parameters: {"commit"=>"Update", "authenticity_token"=>"df79656efc833e04af2788b59cf1bb08fd843e88", "id"=>"1", "high_score"=>{"score"=>"10002", "full_name"=>"Billy"}}
  [4;35;1mHighScore Load (0.4ms)[0m   [0mSELECT * FROM "high_scores" WHERE ("high_scores"."id" = 1) [0m
  [4;36;1mHighScore Update (0.8ms)[0m   [0;1mUPDATE "high_scores" SET "score" = 10002, "updated_at" = '2009-02-20 17:57:07' WHERE "id" = 1[0m
Redirected to #<HighScore:0x21f40bc>
Completed in 36ms (DB: 1) | 302 Found [http://localhost/high_scores/1]


Processing HighScoresController#show (for 127.0.0.1 at 2009-02-20 13:57:07) [GET]
  Parameters: {"id"=>"1"}
  [4;35;1mHighScore Load (0.3ms)[0m   [0mSELECT * FROM "high_scores" WHERE ("high_scores"."id" = 1) [0m
Rendering template within layouts/high_scores
Rendering high_scores/show
Completed in 44ms (View: 13, DB: 0) | 200 OK [http://localhost/high_scores/1]


Processing HighScoresController#index (for 127.0.0.1 at 2009-02-20 13:57:13) [GET]
  [4;36;1mHighScore Load (0.7ms)[0m   [0;1mSELECT * FROM "high_scores" [0m
Rendering template within layouts/high_scores
Rendering high_scores/index
Completed in 62ms (View: 32, DB: 1) | 200 OK [http://localhost/high_scores]


Processing HighScoresController#index to xml (for 127.0.0.1 at 2009-02-20 14:00:18) [GET]
  [4;35;1mHighScore Load (0.6ms)[0m   [0mSELECT * FROM "high_scores" [0m
Completed in 14ms (View: 4, DB: 1) | 200 OK [http://localhost/high_scores.xml]


Processing HighScoresController#update (for 127.0.0.1 at 2009-02-20 14:00:52) [PUT]
  Parameters: {"commit"=>"Update", "authenticity_token"=>"df79656efc833e04af2788b59cf1bb08fd843e88", "id"=>"1", "high_score"=>{"score"=>"10012", "full_name"=>"Billy"}}
  [4;36;1mHighScore Load (0.3ms)[0m   [0;1mSELECT * FROM "high_scores" WHERE ("high_scores"."id" = 1) [0m
  [4;35;1mHighScore Update (0.5ms)[0m   [0mUPDATE "high_scores" SET "score" = 10012, "updated_at" = '2009-02-20 18:00:52' WHERE "id" = 1[0m
Redirected to #<HighScore:0x20a1f5c>
Completed in 53ms (DB: 1) | 302 Found [http://localhost/high_scores/1]


Processing HighScoresController#show (for 127.0.0.1 at 2009-02-20 14:00:52) [GET]
  Parameters: {"id"=>"1"}
  [4;36;1mHighScore Load (0.4ms)[0m   [0;1mSELECT * FROM "high_scores" WHERE ("high_scores"."id" = 1) [0m
Rendering template within layouts/high_scores
Rendering high_scores/show
Completed in 18ms (View: 8, DB: 0) | 200 OK [http://localhost/high_scores/1]


Processing HighScoresController#index (for 127.0.0.1 at 2009-02-20 14:00:58) [GET]
  [4;35;1mHighScore Load (0.6ms)[0m   [0mSELECT * FROM "high_scores" [0m
Rendering template within layouts/high_scores
Rendering high_scores/index
Completed in 26ms (View: 17, DB: 1) | 200 OK [http://localhost/high_scores]


Processing HighScoresController#index to xml (for 127.0.0.1 at 2009-02-20 14:01:01) [GET]
  [4;36;1mHighScore Load (0.7ms)[0m   [0;1mSELECT * FROM "high_scores" [0m
Completed in 11ms (View: 4, DB: 1) | 200 OK [http://localhost/high_scores.xml]


Processing HighScoresController#update (for 127.0.0.1 at 2009-02-20 14:01:11) [PUT]
  Parameters: {"commit"=>"Update", "authenticity_token"=>"df79656efc833e04af2788b59cf1bb08fd843e88", "id"=>"1", "high_score"=>{"score"=>"10002", "full_name"=>"Billy"}}
  [4;35;1mHighScore Load (0.3ms)[0m   [0mSELECT * FROM "high_scores" WHERE ("high_scores"."id" = 1) [0m
  [4;36;1mHighScore Update (0.6ms)[0m   [0;1mUPDATE "high_scores" SET "score" = 10002, "updated_at" = '2009-02-20 18:01:11' WHERE "id" = 1[0m
Redirected to #<HighScore:0x239c20c>
Completed in 30ms (DB: 1) | 302 Found [http://localhost/high_scores/1]


Processing HighScoresController#show (for 127.0.0.1 at 2009-02-20 14:01:12) [GET]
  Parameters: {"id"=>"1"}
  [4;35;1mHighScore Load (0.3ms)[0m   [0mSELECT * FROM "high_scores" WHERE ("high_scores"."id" = 1) [0m
Rendering template within layouts/high_scores
Rendering high_scores/show
Completed in 49ms (View: 39, DB: 0) | 200 OK [http://localhost/high_scores/1]


Processing HighScoresController#index (for 127.0.0.1 at 2009-02-20 14:01:17) [GET]
  [4;36;1mHighScore Load (0.7ms)[0m   [0;1mSELECT * FROM "high_scores" [0m
Rendering template within layouts/high_scores
Rendering high_scores/index
Completed in 31ms (View: 24, DB: 1) | 200 OK [http://localhost/high_scores]


Processing HighScoresController#index to xml (for 127.0.0.1 at 2009-02-20 14:18:50) [GET]
  [4;35;1mHighScore Load (1.5ms)[0m   [0mSELECT * FROM "high_scores" [0m
Completed in 57ms (View: 17, DB: 1) | 200 OK [http://localhost/high_scores.xml]


Processing HighScoresController#index to xml (for 127.0.0.1 at 2009-02-20 21:25:52) [GET]
  [4;36;1mHighScore Load (12.0ms)[0m   [0;1mSELECT * FROM "high_scores" [0m
Completed in 181ms (View: 90, DB: 12) | 200 OK [http://localhost/high_scores.xml]


Processing HighScoresController#index (for 127.0.0.1 at 2009-02-20 21:29:38) [GET]
  [4;35;1mHighScore Load (0.7ms)[0m   [0mSELECT * FROM "high_scores" [0m
Rendering template within layouts/high_scores
Rendering high_scores/index
Completed in 110ms (View: 86, DB: 1) | 200 OK [http://localhost/high_scores]


Processing ApplicationController#index (for 127.0.0.1 at 2009-02-20 21:32:59) [GET]
  Parameters: {"(null)"=>nil}


ActionController::RoutingError (No route matches "/people.xml" with {:method=>:get}):
    /Library/Ruby/Gems/1.8/gems/actionpack-2.2.2/lib/action_controller/routing/recognition_optimisation.rb:66:in `recognize_path'
    /Library/Ruby/Gems/1.8/gems/actionpack-2.2.2/lib/action_controller/routing/route_set.rb:386:in `recognize'
    /Library/Ruby/Gems/1.8/gems/actionpack-2.2.2/lib/action_controller/dispatcher.rb:182:in `handle_request'
    /Library/Ruby/Gems/1.8/gems/actionpack-2.2.2/lib/action_controller/dispatcher.rb:110:in `dispatch_unlocked'
    /Library/Ruby/Gems/1.8/gems/actionpack-2.2.2/lib/action_controller/dispatcher.rb:123:in `dispatch'
    /Library/Ruby/Gems/1.8/gems/actionpack-2.2.2/lib/action_controller/dispatcher.rb:122:in `synchronize'
    /Library/Ruby/Gems/1.8/gems/actionpack-2.2.2/lib/action_controller/dispatcher.rb:122:in `dispatch'
    /Library/Ruby/Gems/1.8/gems/actionpack-2.2.2/lib/action_controller/dispatcher.rb:132:in `dispatch_cgi'
    /Library/Ruby/Gems/1.8/gems/actionpack-2.2.2/lib/action_controller/dispatcher.rb:39:in `dispatch'
    /Library/Ruby/Gems/1.8/gems/mongrel-1.1.5/bin/../lib/mongrel/rails.rb:76:in `process'
    /Library/Ruby/Gems/1.8/gems/mongrel-1.1.5/bin/../lib/mongrel/rails.rb:74:in `synchronize'
    /Library/Ruby/Gems/1.8/gems/mongrel-1.1.5/bin/../lib/mongrel/rails.rb:74:in `process'
    /Library/Ruby/Gems/1.8/gems/mongrel-1.1.5/lib/mongrel.rb:159:in `process_client'
    /Library/Ruby/Gems/1.8/gems/mongrel-1.1.5/lib/mongrel.rb:158:in `each'
    /Library/Ruby/Gems/1.8/gems/mongrel-1.1.5/lib/mongrel.rb:158:in `process_client'
    /Library/Ruby/Gems/1.8/gems/mongrel-1.1.5/lib/mongrel.rb:285:in `run'
    /Library/Ruby/Gems/1.8/gems/mongrel-1.1.5/lib/mongrel.rb:285:in `initialize'
    /Library/Ruby/Gems/1.8/gems/mongrel-1.1.5/lib/mongrel.rb:285:in `new'
    /Library/Ruby/Gems/1.8/gems/mongrel-1.1.5/lib/mongrel.rb:285:in `run'
    /Library/Ruby/Gems/1.8/gems/mongrel-1.1.5/lib/mongrel.rb:268:in `initialize'
    /Library/Ruby/Gems/1.8/gems/mongrel-1.1.5/lib/mongrel.rb:268:in `new'
    /Library/Ruby/Gems/1.8/gems/mongrel-1.1.5/lib/mongrel.rb:268:in `run'
    /Library/Ruby/Gems/1.8/gems/mongrel-1.1.5/lib/mongrel/configurator.rb:282:in `run'
    /Library/Ruby/Gems/1.8/gems/mongrel-1.1.5/lib/mongrel/configurator.rb:281:in `each'
    /Library/Ruby/Gems/1.8/gems/mongrel-1.1.5/lib/mongrel/configurator.rb:281:in `run'
    /Library/Ruby/Gems/1.8/gems/mongrel-1.1.5/bin/mongrel_rails:128:in `run'
    /Library/Ruby/Gems/1.8/gems/mongrel-1.1.5/lib/mongrel/command.rb:212:in `run'
    /Library/Ruby/Gems/1.8/gems/mongrel-1.1.5/bin/mongrel_rails:281
    /Library/Ruby/Gems/1.8/gems/activesupport-2.2.2/lib/active_support/dependencies.rb:142:in `load_without_new_constant_marking'
    /Library/Ruby/Gems/1.8/gems/activesupport-2.2.2/lib/active_support/dependencies.rb:142:in `load'
    /Library/Ruby/Gems/1.8/gems/activesupport-2.2.2/lib/active_support/dependencies.rb:521:in `new_constants_in'
    /Library/Ruby/Gems/1.8/gems/activesupport-2.2.2/lib/active_support/dependencies.rb:142:in `load'
    /Library/Ruby/Gems/1.8/gems/rails-2.2.2/lib/commands/servers/mongrel.rb:64
    /Library/Ruby/Site/1.8/rubygems/custom_require.rb:31:in `gem_original_require'
    /Library/Ruby/Site/1.8/rubygems/custom_require.rb:31:in `require'
    /Library/Ruby/Gems/1.8/gems/activesupport-2.2.2/lib/active_support/dependencies.rb:153:in `require'
    /Library/Ruby/Gems/1.8/gems/activesupport-2.2.2/lib/active_support/dependencies.rb:521:in `new_constants_in'
    /Library/Ruby/Gems/1.8/gems/activesupport-2.2.2/lib/active_support/dependencies.rb:153:in `require'
    /Library/Ruby/Gems/1.8/gems/rails-2.2.2/lib/commands/server.rb:49
    /Library/Ruby/Site/1.8/rubygems/custom_require.rb:31:in `gem_original_require'
    /Library/Ruby/Site/1.8/rubygems/custom_require.rb:31:in `require'
    script/server:3

Rendering /Library/Ruby/Gems/1.8/gems/actionpack-2.2.2/lib/action_controller/templates/rescues/layout.erb (not_found)


Processing HighScoresController#index to xml (for 127.0.0.1 at 2009-02-20 21:33:26) [GET]
  [4;36;1mHighScore Load (0.6ms)[0m   [0;1mSELECT * FROM "high_scores" [0m
Completed in 28ms (View: 4, DB: 1) | 200 OK [http://localhost/high_scores.xml]


Processing HighScoresController#new (for 127.0.0.1 at 2009-02-20 21:37:42) [GET]
Rendering template within layouts/high_scores
Rendering high_scores/new
Completed in 362ms (View: 198, DB: 0) | 200 OK [http://localhost/high_scores/new]


Processing HighScoresController#index to xml (for 127.0.0.1 at 2009-02-20 21:37:59) [GET]
  [4;35;1mHighScore Load (0.6ms)[0m   [0mSELECT * FROM "high_scores" [0m
Completed in 94ms (View: 4, DB: 1) | 200 OK [http://localhost/high_scores.xml]


Processing HighScoresController#new (for 127.0.0.1 at 2009-02-20 21:38:03) [GET]
Rendering template within layouts/high_scores
Rendering high_scores/new
Completed in 40ms (View: 34, DB: 0) | 200 OK [http://localhost/high_scores/new]


Processing HighScoresController#create (for 127.0.0.1 at 2009-02-20 21:38:11) [POST]
  Parameters: {"commit"=>"Create", "authenticity_token"=>"df79656efc833e04af2788b59cf1bb08fd843e88", "high_score"=>{"score"=>"2000", "full_name"=>"Mami"}}
  [4;36;1mHighScore Create (54.9ms)[0m   [0;1mINSERT INTO "high_scores" ("score", "updated_at", "full_name", "created_at") VALUES(2000, '2009-02-21 01:38:11', 'Mami', '2009-02-21 01:38:11')[0m
Redirected to #<HighScore:0x21f9530>
Completed in 837ms (DB: 55) | 302 Found [http://localhost/high_scores]


Processing HighScoresController#show (for 127.0.0.1 at 2009-02-20 21:38:12) [GET]
  Parameters: {"id"=>"3"}
  [4;35;1mHighScore Load (0.3ms)[0m   [0mSELECT * FROM "high_scores" WHERE ("high_scores"."id" = 3) [0m
Rendering template within layouts/high_scores
Rendering high_scores/show
Completed in 154ms (View: 72, DB: 0) | 200 OK [http://localhost/high_scores/3]


Processing HighScoresController#index to xml (for 127.0.0.1 at 2009-02-20 21:38:16) [GET]
  [4;36;1mHighScore Load (2.0ms)[0m   [0;1mSELECT * FROM "high_scores" [0m
Completed in 18ms (View: 10, DB: 2) | 200 OK [http://localhost/high_scores.xml]


Processing HighScoresController#create (for 127.0.0.1 at 2009-02-20 21:38:33) [POST]
  Parameters: {"commit"=>"Create", "authenticity_token"=>"df79656efc833e04af2788b59cf1bb08fd843e88", "high_score"=>{"score"=>"2010", "full_name"=>"Sor Andrea"}}
  [4;35;1mHighScore Create (0.6ms)[0m   [0mINSERT INTO "high_scores" ("score", "updated_at", "full_name", "created_at") VALUES(2010, '2009-02-21 01:38:33', 'Sor Andrea', '2009-02-21 01:38:33')[0m
Redirected to #<HighScore:0x21052b4>
Completed in 34ms (DB: 1) | 302 Found [http://localhost/high_scores]


Processing HighScoresController#show (for 127.0.0.1 at 2009-02-20 21:38:33) [GET]
  Parameters: {"id"=>"4"}
  [4;36;1mHighScore Load (0.4ms)[0m   [0;1mSELECT * FROM "high_scores" WHERE ("high_scores"."id" = 4) [0m
Rendering template within layouts/high_scores
Rendering high_scores/show
Completed in 54ms (View: 29, DB: 0) | 200 OK [http://localhost/high_scores/4]


Processing HighScoresController#index to xml (for 127.0.0.1 at 2009-02-20 21:38:37) [GET]
  [4;35;1mHighScore Load (1.0ms)[0m   [0mSELECT * FROM "high_scores" [0m
Completed in 14ms (View: 7, DB: 1) | 200 OK [http://localhost/high_scores.xml]


Processing HighScoresController#index (for 127.0.0.1 at 2009-02-20 21:38:56) [GET]
  [4;36;1mHighScore Load (1.5ms)[0m   [0;1mSELECT * FROM "high_scores" [0m
Rendering template within layouts/high_scores
Rendering high_scores/index
Completed in 517ms (View: 509, DB: 1) | 200 OK [http://localhost/high_scores]


Processing HighScoresController#destroy (for 127.0.0.1 at 2009-02-20 21:39:05) [DELETE]
  Parameters: {"authenticity_token"=>"df79656efc833e04af2788b59cf1bb08fd843e88", "id"=>"4"}
  [4;35;1mHighScore Load (0.4ms)[0m   [0mSELECT * FROM "high_scores" WHERE ("high_scores"."id" = 4) [0m
  [4;36;1mHighScore Destroy (4.1ms)[0m   [0;1mDELETE FROM "high_scores" WHERE "id" = 4[0m
Redirected to http://localhost:3000/high_scores
Completed in 149ms (DB: 4) | 302 Found [http://localhost/high_scores/4]


Processing HighScoresController#index (for 127.0.0.1 at 2009-02-20 21:39:05) [GET]
  [4;35;1mHighScore Load (0.8ms)[0m   [0mSELECT * FROM "high_scores" [0m
Rendering template within layouts/high_scores
Rendering high_scores/index
Completed in 45ms (View: 19, DB: 1) | 200 OK [http://localhost/high_scores]


Processing HighScoresController#index to xml (for 127.0.0.1 at 2009-02-20 21:39:09) [GET]
  [4;36;1mHighScore Load (3.3ms)[0m   [0;1mSELECT * FROM "high_scores" [0m
Completed in 25ms (View: 6, DB: 3) | 200 OK [http://localhost/high_scores.xml]


Processing HighScoresController#destroy (for 127.0.0.1 at 2009-02-20 21:39:32) [DELETE]
  Parameters: {"authenticity_token"=>"df79656efc833e04af2788b59cf1bb08fd843e88", "id"=>"3"}
  [4;35;1mHighScore Load (0.5ms)[0m   [0mSELECT * FROM "high_scores" WHERE ("high_scores"."id" = 3) [0m
  [4;36;1mHighScore Destroy (0.5ms)[0m   [0;1mDELETE FROM "high_scores" WHERE "id" = 3[0m
Redirected to http://localhost:3000/high_scores
Completed in 80ms (DB: 1) | 302 Found [http://localhost/high_scores/3]


Processing HighScoresController#index (for 127.0.0.1 at 2009-02-20 21:39:33) [GET]
  [4;35;1mHighScore Load (0.8ms)[0m   [0mSELECT * FROM "high_scores" [0m
Rendering template within layouts/high_scores
Rendering high_scores/index
Completed in 39ms (View: 12, DB: 1) | 200 OK [http://localhost/high_scores]


Processing HighScoresController#index to xml (for 127.0.0.1 at 2009-02-20 21:39:39) [GET]
  [4;36;1mHighScore Load (1.8ms)[0m   [0;1mSELECT * FROM "high_scores" [0m
Completed in 24ms (View: 8, DB: 2) | 200 OK [http://localhost/high_scores.xml]


Processing HighScoresController#index to xml (for 127.0.0.1 at 2009-02-22 17:00:33) [GET]
  [4;35;1mHighScore Load (595.7ms)[0m   [0mSELECT * FROM "high_scores" [0m
Completed in 17266ms (View: 1292, DB: 596) | 200 OK [http://localhost/high_scores.xml]


Processing HighScoresController#show to xml (for 127.0.0.1 at 2009-02-22 17:01:05) [GET]
  Parameters: {"id"=>"top100"}
  [4;36;1mHighScore Load (0.3ms)[0m   [0;1mSELECT * FROM "high_scores" WHERE ("high_scores"."id" = 0) [0m


ActiveRecord::RecordNotFound (Couldn't find HighScore with ID=top100):
    /Library/Ruby/Gems/1.8/gems/activerecord-2.2.2/lib/active_record/base.rb:1528:in `find_one'
    /Library/Ruby/Gems/1.8/gems/activerecord-2.2.2/lib/active_record/base.rb:1511:in `find_from_ids'
    /Library/Ruby/Gems/1.8/gems/activerecord-2.2.2/lib/active_record/base.rb:590:in `find'
    /app/controllers/high_scores_controller.rb:16:in `show'
    /Library/Ruby/Gems/1.8/gems/actionpack-2.2.2/lib/action_controller/base.rb:1253:in `send'
    /Library/Ruby/Gems/1.8/gems/actionpack-2.2.2/lib/action_controller/base.rb:1253:in `perform_action_without_filters'
    /Library/Ruby/Gems/1.8/gems/actionpack-2.2.2/lib/action_controller/filters.rb:617:in `call_filters'
    /Library/Ruby/Gems/1.8/gems/actionpack-2.2.2/lib/action_controller/filters.rb:610:in `perform_action_without_benchmark'
    /Library/Ruby/Gems/1.8/gems/actionpack-2.2.2/lib/action_controller/benchmarking.rb:68:in `perform_action_without_rescue'
    /System/Library/Frameworks/Ruby.framework/Versions/1.8/usr/lib/ruby/1.8/benchmark.rb:293:in `measure'
    /Library/Ruby/Gems/1.8/gems/actionpack-2.2.2/lib/action_controller/benchmarking.rb:68:in `perform_action_without_rescue'
    /Library/Ruby/Gems/1.8/gems/actionpack-2.2.2/lib/action_controller/rescue.rb:136:in `perform_action_without_caching'
    /Library/Ruby/Gems/1.8/gems/actionpack-2.2.2/lib/action_controller/caching/sql_cache.rb:13:in `perform_action'
    /Library/Ruby/Gems/1.8/gems/activerecord-2.2.2/lib/active_record/connection_adapters/abstract/query_cache.rb:34:in `cache'
    /Library/Ruby/Gems/1.8/gems/activerecord-2.2.2/lib/active_record/query_cache.rb:8:in `cache'
    /Library/Ruby/Gems/1.8/gems/actionpack-2.2.2/lib/action_controller/caching/sql_cache.rb:12:in `perform_action'
    /Library/Ruby/Gems/1.8/gems/actionpack-2.2.2/lib/action_controller/base.rb:524:in `send'
    /Library/Ruby/Gems/1.8/gems/actionpack-2.2.2/lib/action_controller/base.rb:524:in `process_without_filters'
    /Library/Ruby/Gems/1.8/gems/actionpack-2.2.2/lib/action_controller/filters.rb:606:in `process_without_session_management_support'
    /Library/Ruby/Gems/1.8/gems/actionpack-2.2.2/lib/action_controller/session_management.rb:134:in `process'
    /Library/Ruby/Gems/1.8/gems/actionpack-2.2.2/lib/action_controller/base.rb:392:in `process'
    /Library/Ruby/Gems/1.8/gems/actionpack-2.2.2/lib/action_controller/dispatcher.rb:183:in `handle_request'
    /Library/Ruby/Gems/1.8/gems/actionpack-2.2.2/lib/action_controller/dispatcher.rb:110:in `dispatch_unlocked'
    /Library/Ruby/Gems/1.8/gems/actionpack-2.2.2/lib/action_controller/dispatcher.rb:123:in `dispatch'
    /Library/Ruby/Gems/1.8/gems/actionpack-2.2.2/lib/action_controller/dispatcher.rb:122:in `synchronize'
    /Library/Ruby/Gems/1.8/gems/actionpack-2.2.2/lib/action_controller/dispatcher.rb:122:in `dispatch'
    /Library/Ruby/Gems/1.8/gems/actionpack-2.2.2/lib/action_controller/dispatcher.rb:132:in `dispatch_cgi'
    /Library/Ruby/Gems/1.8/gems/actionpack-2.2.2/lib/action_controller/dispatcher.rb:39:in `dispatch'
    /Library/Ruby/Gems/1.8/gems/mongrel-1.1.5/bin/../lib/mongrel/rails.rb:76:in `process'
    /Library/Ruby/Gems/1.8/gems/mongrel-1.1.5/bin/../lib/mongrel/rails.rb:74:in `synchronize'
    /Library/Ruby/Gems/1.8/gems/mongrel-1.1.5/bin/../lib/mongrel/rails.rb:74:in `process'
    /Library/Ruby/Gems/1.8/gems/mongrel-1.1.5/lib/mongrel.rb:159:in `process_client'
    /Library/Ruby/Gems/1.8/gems/mongrel-1.1.5/lib/mongrel.rb:158:in `each'
    /Library/Ruby/Gems/1.8/gems/mongrel-1.1.5/lib/mongrel.rb:158:in `process_client'
    /Library/Ruby/Gems/1.8/gems/mongrel-1.1.5/lib/mongrel.rb:285:in `run'
    /Library/Ruby/Gems/1.8/gems/mongrel-1.1.5/lib/mongrel.rb:285:in `initialize'
    /Library/Ruby/Gems/1.8/gems/mongrel-1.1.5/lib/mongrel.rb:285:in `new'
    /Library/Ruby/Gems/1.8/gems/mongrel-1.1.5/lib/mongrel.rb:285:in `run'
    /Library/Ruby/Gems/1.8/gems/mongrel-1.1.5/lib/mongrel.rb:268:in `initialize'
    /Library/Ruby/Gems/1.8/gems/mongrel-1.1.5/lib/mongrel.rb:268:in `new'
    /Library/Ruby/Gems/1.8/gems/mongrel-1.1.5/lib/mongrel.rb:268:in `run'
    /Library/Ruby/Gems/1.8/gems/mongrel-1.1.5/lib/mongrel/configurator.rb:282:in `run'
    /Library/Ruby/Gems/1.8/gems/mongrel-1.1.5/lib/mongrel/configurator.rb:281:in `each'
    /Library/Ruby/Gems/1.8/gems/mongrel-1.1.5/lib/mongrel/configurator.rb:281:in `run'
    /Library/Ruby/Gems/1.8/gems/mongrel-1.1.5/bin/mongrel_rails:128:in `run'
    /Library/Ruby/Gems/1.8/gems/mongrel-1.1.5/lib/mongrel/command.rb:212:in `run'
    /Library/Ruby/Gems/1.8/gems/mongrel-1.1.5/bin/mongrel_rails:281
    /Library/Ruby/Gems/1.8/gems/activesupport-2.2.2/lib/active_support/dependencies.rb:142:in `load_without_new_constant_marking'
    /Library/Ruby/Gems/1.8/gems/activesupport-2.2.2/lib/active_support/dependencies.rb:142:in `load'
    /Library/Ruby/Gems/1.8/gems/activesupport-2.2.2/lib/active_support/dependencies.rb:521:in `new_constants_in'
    /Library/Ruby/Gems/1.8/gems/activesupport-2.2.2/lib/active_support/dependencies.rb:142:in `load'
    /Library/Ruby/Gems/1.8/gems/rails-2.2.2/lib/commands/servers/mongrel.rb:64
    /Library/Ruby/Site/1.8/rubygems/custom_require.rb:31:in `gem_original_require'
    /Library/Ruby/Site/1.8/rubygems/custom_require.rb:31:in `require'
    /Library/Ruby/Gems/1.8/gems/activesupport-2.2.2/lib/active_support/dependencies.rb:153:in `require'
    /Library/Ruby/Gems/1.8/gems/activesupport-2.2.2/lib/active_support/dependencies.rb:521:in `new_constants_in'
    /Library/Ruby/Gems/1.8/gems/activesupport-2.2.2/lib/active_support/dependencies.rb:153:in `require'
    /Library/Ruby/Gems/1.8/gems/rails-2.2.2/lib/commands/server.rb:49
    /Library/Ruby/Site/1.8/rubygems/custom_require.rb:31:in `gem_original_require'
    /Library/Ruby/Site/1.8/rubygems/custom_require.rb:31:in `require'
    script/server:3

Rendered /Library/Ruby/Gems/1.8/gems/actionpack-2.2.2/lib/action_controller/templates/rescues/_trace (11632.0ms)
Rendered /Library/Ruby/Gems/1.8/gems/actionpack-2.2.2/lib/action_controller/templates/rescues/_request_and_response (113.7ms)
Rendering /Library/Ruby/Gems/1.8/gems/actionpack-2.2.2/lib/action_controller/templates/rescues/layout.erb (not_found)


Processing ApplicationController#index (for 127.0.0.1 at 2009-02-22 17:06:58) [GET]


ActionController::RoutingError (No route matches "/top100.xml" with {:method=>:get}):
    /Library/Ruby/Gems/1.8/gems/actionpack-2.2.2/lib/action_controller/routing/recognition_optimisation.rb:66:in `recognize_path'
    /Library/Ruby/Gems/1.8/gems/actionpack-2.2.2/lib/action_controller/routing/route_set.rb:386:in `recognize'
    /Library/Ruby/Gems/1.8/gems/actionpack-2.2.2/lib/action_controller/dispatcher.rb:182:in `handle_request'
    /Library/Ruby/Gems/1.8/gems/actionpack-2.2.2/lib/action_controller/dispatcher.rb:110:in `dispatch_unlocked'
    /Library/Ruby/Gems/1.8/gems/actionpack-2.2.2/lib/action_controller/dispatcher.rb:123:in `dispatch'
    /Library/Ruby/Gems/1.8/gems/actionpack-2.2.2/lib/action_controller/dispatcher.rb:122:in `synchronize'
    /Library/Ruby/Gems/1.8/gems/actionpack-2.2.2/lib/action_controller/dispatcher.rb:122:in `dispatch'
    /Library/Ruby/Gems/1.8/gems/actionpack-2.2.2/lib/action_controller/dispatcher.rb:132:in `dispatch_cgi'
    /Library/Ruby/Gems/1.8/gems/actionpack-2.2.2/lib/action_controller/dispatcher.rb:39:in `dispatch'
    /Library/Ruby/Gems/1.8/gems/mongrel-1.1.5/bin/../lib/mongrel/rails.rb:76:in `process'
    /Library/Ruby/Gems/1.8/gems/mongrel-1.1.5/bin/../lib/mongrel/rails.rb:74:in `synchronize'
    /Library/Ruby/Gems/1.8/gems/mongrel-1.1.5/bin/../lib/mongrel/rails.rb:74:in `process'
    /Library/Ruby/Gems/1.8/gems/mongrel-1.1.5/lib/mongrel.rb:159:in `process_client'
    /Library/Ruby/Gems/1.8/gems/mongrel-1.1.5/lib/mongrel.rb:158:in `each'
    /Library/Ruby/Gems/1.8/gems/mongrel-1.1.5/lib/mongrel.rb:158:in `process_client'
    /Library/Ruby/Gems/1.8/gems/mongrel-1.1.5/lib/mongrel.rb:285:in `run'
    /Library/Ruby/Gems/1.8/gems/mongrel-1.1.5/lib/mongrel.rb:285:in `initialize'
    /Library/Ruby/Gems/1.8/gems/mongrel-1.1.5/lib/mongrel.rb:285:in `new'
    /Library/Ruby/Gems/1.8/gems/mongrel-1.1.5/lib/mongrel.rb:285:in `run'
    /Library/Ruby/Gems/1.8/gems/mongrel-1.1.5/lib/mongrel.rb:268:in `initialize'
    /Library/Ruby/Gems/1.8/gems/mongrel-1.1.5/lib/mongrel.rb:268:in `new'
    /Library/Ruby/Gems/1.8/gems/mongrel-1.1.5/lib/mongrel.rb:268:in `run'
    /Library/Ruby/Gems/1.8/gems/mongrel-1.1.5/lib/mongrel/configurator.rb:282:in `run'
    /Library/Ruby/Gems/1.8/gems/mongrel-1.1.5/lib/mongrel/configurator.rb:281:in `each'
    /Library/Ruby/Gems/1.8/gems/mongrel-1.1.5/lib/mongrel/configurator.rb:281:in `run'
    /Library/Ruby/Gems/1.8/gems/mongrel-1.1.5/bin/mongrel_rails:128:in `run'
    /Library/Ruby/Gems/1.8/gems/mongrel-1.1.5/lib/mongrel/command.rb:212:in `run'
    /Library/Ruby/Gems/1.8/gems/mongrel-1.1.5/bin/mongrel_rails:281
    /Library/Ruby/Gems/1.8/gems/activesupport-2.2.2/lib/active_support/dependencies.rb:142:in `load_without_new_constant_marking'
    /Library/Ruby/Gems/1.8/gems/activesupport-2.2.2/lib/active_support/dependencies.rb:142:in `load'
    /Library/Ruby/Gems/1.8/gems/activesupport-2.2.2/lib/active_support/dependencies.rb:521:in `new_constants_in'
    /Library/Ruby/Gems/1.8/gems/activesupport-2.2.2/lib/active_support/dependencies.rb:142:in `load'
    /Library/Ruby/Gems/1.8/gems/rails-2.2.2/lib/commands/servers/mongrel.rb:64
    /Library/Ruby/Site/1.8/rubygems/custom_require.rb:31:in `gem_original_require'
    /Library/Ruby/Site/1.8/rubygems/custom_require.rb:31:in `require'
    /Library/Ruby/Gems/1.8/gems/activesupport-2.2.2/lib/active_support/dependencies.rb:153:in `require'
    /Library/Ruby/Gems/1.8/gems/activesupport-2.2.2/lib/active_support/dependencies.rb:521:in `new_constants_in'
    /Library/Ruby/Gems/1.8/gems/activesupport-2.2.2/lib/active_support/dependencies.rb:153:in `require'
    /Library/Ruby/Gems/1.8/gems/rails-2.2.2/lib/commands/server.rb:49
    /Library/Ruby/Site/1.8/rubygems/custom_require.rb:31:in `gem_original_require'
    /Library/Ruby/Site/1.8/rubygems/custom_require.rb:31:in `require'
    script/server:3

Rendering /Library/Ruby/Gems/1.8/gems/actionpack-2.2.2/lib/action_controller/templates/rescues/layout.erb (not_found)


Processing Top100Controller#index to xml (for 127.0.0.1 at 2009-02-22 17:08:07) [GET]
  [4;35;1mHighScore Load (12.9ms)[0m   [0mSELECT * FROM "high_scores" ORDER BY score desc LIMIT 100[0m
Completed in 57ms (View: 5, DB: 13) | 200 OK [http://localhost/top100.xml]


Processing ApplicationController#index (for 127.0.0.1 at 2009-02-22 17:27:43) [GET]


ActionController::RoutingError (No route matches "/top100.xml" with {:method=>:get}):
    /Library/Ruby/Gems/1.8/gems/actionpack-2.2.2/lib/action_controller/routing/recognition_optimisation.rb:66:in `recognize_path'
    /Library/Ruby/Gems/1.8/gems/actionpack-2.2.2/lib/action_controller/routing/route_set.rb:386:in `recognize'
    /Library/Ruby/Gems/1.8/gems/actionpack-2.2.2/lib/action_controller/dispatcher.rb:182:in `handle_request'
    /Library/Ruby/Gems/1.8/gems/actionpack-2.2.2/lib/action_controller/dispatcher.rb:110:in `dispatch_unlocked'
    /Library/Ruby/Gems/1.8/gems/actionpack-2.2.2/lib/action_controller/dispatcher.rb:123:in `dispatch'
    /Library/Ruby/Gems/1.8/gems/actionpack-2.2.2/lib/action_controller/dispatcher.rb:122:in `synchronize'
    /Library/Ruby/Gems/1.8/gems/actionpack-2.2.2/lib/action_controller/dispatcher.rb:122:in `dispatch'
    /Library/Ruby/Gems/1.8/gems/actionpack-2.2.2/lib/action_controller/dispatcher.rb:132:in `dispatch_cgi'
    /Library/Ruby/Gems/1.8/gems/actionpack-2.2.2/lib/action_controller/dispatcher.rb:39:in `dispatch'
    /Library/Ruby/Gems/1.8/gems/mongrel-1.1.5/bin/../lib/mongrel/rails.rb:76:in `process'
    /Library/Ruby/Gems/1.8/gems/mongrel-1.1.5/bin/../lib/mongrel/rails.rb:74:in `synchronize'
    /Library/Ruby/Gems/1.8/gems/mongrel-1.1.5/bin/../lib/mongrel/rails.rb:74:in `process'
    /Library/Ruby/Gems/1.8/gems/mongrel-1.1.5/lib/mongrel.rb:159:in `process_client'
    /Library/Ruby/Gems/1.8/gems/mongrel-1.1.5/lib/mongrel.rb:158:in `each'
    /Library/Ruby/Gems/1.8/gems/mongrel-1.1.5/lib/mongrel.rb:158:in `process_client'
    /Library/Ruby/Gems/1.8/gems/mongrel-1.1.5/lib/mongrel.rb:285:in `run'
    /Library/Ruby/Gems/1.8/gems/mongrel-1.1.5/lib/mongrel.rb:285:in `initialize'
    /Library/Ruby/Gems/1.8/gems/mongrel-1.1.5/lib/mongrel.rb:285:in `new'
    /Library/Ruby/Gems/1.8/gems/mongrel-1.1.5/lib/mongrel.rb:285:in `run'
    /Library/Ruby/Gems/1.8/gems/mongrel-1.1.5/lib/mongrel.rb:268:in `initialize'
    /Library/Ruby/Gems/1.8/gems/mongrel-1.1.5/lib/mongrel.rb:268:in `new'
    /Library/Ruby/Gems/1.8/gems/mongrel-1.1.5/lib/mongrel.rb:268:in `run'
    /Library/Ruby/Gems/1.8/gems/mongrel-1.1.5/lib/mongrel/configurator.rb:282:in `run'
    /Library/Ruby/Gems/1.8/gems/mongrel-1.1.5/lib/mongrel/configurator.rb:281:in `each'
    /Library/Ruby/Gems/1.8/gems/mongrel-1.1.5/lib/mongrel/configurator.rb:281:in `run'
    /Library/Ruby/Gems/1.8/gems/mongrel-1.1.5/bin/mongrel_rails:128:in `run'
    /Library/Ruby/Gems/1.8/gems/mongrel-1.1.5/lib/mongrel/command.rb:212:in `run'
    /Library/Ruby/Gems/1.8/gems/mongrel-1.1.5/bin/mongrel_rails:281
    /Library/Ruby/Gems/1.8/gems/activesupport-2.2.2/lib/active_support/dependencies.rb:142:in `load_without_new_constant_marking'
    /Library/Ruby/Gems/1.8/gems/activesupport-2.2.2/lib/active_support/dependencies.rb:142:in `load'
    /Library/Ruby/Gems/1.8/gems/activesupport-2.2.2/lib/active_support/dependencies.rb:521:in `new_constants_in'
    /Library/Ruby/Gems/1.8/gems/activesupport-2.2.2/lib/active_support/dependencies.rb:142:in `load'
    /Library/Ruby/Gems/1.8/gems/rails-2.2.2/lib/commands/servers/mongrel.rb:64
    /Library/Ruby/Site/1.8/rubygems/custom_require.rb:31:in `gem_original_require'
    /Library/Ruby/Site/1.8/rubygems/custom_require.rb:31:in `require'
    /Library/Ruby/Gems/1.8/gems/activesupport-2.2.2/lib/active_support/dependencies.rb:153:in `require'
    /Library/Ruby/Gems/1.8/gems/activesupport-2.2.2/lib/active_support/dependencies.rb:521:in `new_constants_in'
    /Library/Ruby/Gems/1.8/gems/activesupport-2.2.2/lib/active_support/dependencies.rb:153:in `require'
    /Library/Ruby/Gems/1.8/gems/rails-2.2.2/lib/commands/server.rb:49
    /Library/Ruby/Site/1.8/rubygems/custom_require.rb:31:in `gem_original_require'
    /Library/Ruby/Site/1.8/rubygems/custom_require.rb:31:in `require'
    script/server:3

Rendering /Library/Ruby/Gems/1.8/gems/actionpack-2.2.2/lib/action_controller/templates/rescues/layout.erb (not_found)


Processing Top100Controller#index to xml (for 127.0.0.1 at 2009-02-22 17:28:19) [GET]
  [4;36;1mHighScore Load (3.5ms)[0m   [0;1mSELECT * FROM "high_scores" ORDER BY score desc LIMIT 100[0m
Completed in 14ms (View: 4, DB: 4) | 200 OK [http://localhost/top100.xml]


Processing ApplicationController#index (for 127.0.0.1 at 2009-02-22 17:29:02) [GET]


ActionController::RoutingError (No route matches "/top100.xml" with {:method=>:get}):
    /Library/Ruby/Gems/1.8/gems/actionpack-2.2.2/lib/action_controller/routing/recognition_optimisation.rb:66:in `recognize_path'
    /Library/Ruby/Gems/1.8/gems/actionpack-2.2.2/lib/action_controller/routing/route_set.rb:386:in `recognize'
    /Library/Ruby/Gems/1.8/gems/actionpack-2.2.2/lib/action_controller/dispatcher.rb:182:in `handle_request'
    /Library/Ruby/Gems/1.8/gems/actionpack-2.2.2/lib/action_controller/dispatcher.rb:110:in `dispatch_unlocked'
    /Library/Ruby/Gems/1.8/gems/actionpack-2.2.2/lib/action_controller/dispatcher.rb:123:in `dispatch'
    /Library/Ruby/Gems/1.8/gems/actionpack-2.2.2/lib/action_controller/dispatcher.rb:122:in `synchronize'
    /Library/Ruby/Gems/1.8/gems/actionpack-2.2.2/lib/action_controller/dispatcher.rb:122:in `dispatch'
    /Library/Ruby/Gems/1.8/gems/actionpack-2.2.2/lib/action_controller/dispatcher.rb:132:in `dispatch_cgi'
    /Library/Ruby/Gems/1.8/gems/actionpack-2.2.2/lib/action_controller/dispatcher.rb:39:in `dispatch'
    /Library/Ruby/Gems/1.8/gems/mongrel-1.1.5/bin/../lib/mongrel/rails.rb:76:in `process'
    /Library/Ruby/Gems/1.8/gems/mongrel-1.1.5/bin/../lib/mongrel/rails.rb:74:in `synchronize'
    /Library/Ruby/Gems/1.8/gems/mongrel-1.1.5/bin/../lib/mongrel/rails.rb:74:in `process'
    /Library/Ruby/Gems/1.8/gems/mongrel-1.1.5/lib/mongrel.rb:159:in `process_client'
    /Library/Ruby/Gems/1.8/gems/mongrel-1.1.5/lib/mongrel.rb:158:in `each'
    /Library/Ruby/Gems/1.8/gems/mongrel-1.1.5/lib/mongrel.rb:158:in `process_client'
    /Library/Ruby/Gems/1.8/gems/mongrel-1.1.5/lib/mongrel.rb:285:in `run'
    /Library/Ruby/Gems/1.8/gems/mongrel-1.1.5/lib/mongrel.rb:285:in `initialize'
    /Library/Ruby/Gems/1.8/gems/mongrel-1.1.5/lib/mongrel.rb:285:in `new'
    /Library/Ruby/Gems/1.8/gems/mongrel-1.1.5/lib/mongrel.rb:285:in `run'
    /Library/Ruby/Gems/1.8/gems/mongrel-1.1.5/lib/mongrel.rb:268:in `initialize'
    /Library/Ruby/Gems/1.8/gems/mongrel-1.1.5/lib/mongrel.rb:268:in `new'
    /Library/Ruby/Gems/1.8/gems/mongrel-1.1.5/lib/mongrel.rb:268:in `run'
    /Library/Ruby/Gems/1.8/gems/mongrel-1.1.5/lib/mongrel/configurator.rb:282:in `run'
    /Library/Ruby/Gems/1.8/gems/mongrel-1.1.5/lib/mongrel/configurator.rb:281:in `each'
    /Library/Ruby/Gems/1.8/gems/mongrel-1.1.5/lib/mongrel/configurator.rb:281:in `run'
    /Library/Ruby/Gems/1.8/gems/mongrel-1.1.5/bin/mongrel_rails:128:in `run'
    /Library/Ruby/Gems/1.8/gems/mongrel-1.1.5/lib/mongrel/command.rb:212:in `run'
    /Library/Ruby/Gems/1.8/gems/mongrel-1.1.5/bin/mongrel_rails:281
    /Library/Ruby/Gems/1.8/gems/activesupport-2.2.2/lib/active_support/dependencies.rb:142:in `load_without_new_constant_marking'
    /Library/Ruby/Gems/1.8/gems/activesupport-2.2.2/lib/active_support/dependencies.rb:142:in `load'
    /Library/Ruby/Gems/1.8/gems/activesupport-2.2.2/lib/active_support/dependencies.rb:521:in `new_constants_in'
    /Library/Ruby/Gems/1.8/gems/activesupport-2.2.2/lib/active_support/dependencies.rb:142:in `load'
    /Library/Ruby/Gems/1.8/gems/rails-2.2.2/lib/commands/servers/mongrel.rb:64
    /Library/Ruby/Site/1.8/rubygems/custom_require.rb:31:in `gem_original_require'
    /Library/Ruby/Site/1.8/rubygems/custom_require.rb:31:in `require'
    /Library/Ruby/Gems/1.8/gems/activesupport-2.2.2/lib/active_support/dependencies.rb:153:in `require'
    /Library/Ruby/Gems/1.8/gems/activesupport-2.2.2/lib/active_support/dependencies.rb:521:in `new_constants_in'
    /Library/Ruby/Gems/1.8/gems/activesupport-2.2.2/lib/active_support/dependencies.rb:153:in `require'
    /Library/Ruby/Gems/1.8/gems/rails-2.2.2/lib/commands/server.rb:49
    /Library/Ruby/Site/1.8/rubygems/custom_require.rb:31:in `gem_original_require'
    /Library/Ruby/Site/1.8/rubygems/custom_require.rb:31:in `require'
    script/server:3

Rendering /Library/Ruby/Gems/1.8/gems/actionpack-2.2.2/lib/action_controller/templates/rescues/layout.erb (not_found)


Processing Top100Controller#index to xml (for 127.0.0.1 at 2009-02-22 17:35:49) [GET]
  [4;35;1mHighScore Load (8.1ms)[0m   [0mSELECT * FROM "high_scores" ORDER BY score desc LIMIT 100[0m
Completed in 57ms (View: 39, DB: 8) | 200 OK [http://localhost/top100.xml]


Processing HighScoresController#index (for 127.0.0.1 at 2009-02-22 17:36:08) [GET]
  [4;36;1mHighScore Load (1.7ms)[0m   [0;1mSELECT * FROM "high_scores" [0m
Rendering template within layouts/high_scores
Rendering high_scores/index
Completed in 21ms (View: 12, DB: 2) | 200 OK [http://localhost/high_scores]


Processing HighScoresController#new (for 127.0.0.1 at 2009-02-22 17:36:13) [GET]
Rendering template within layouts/high_scores
Rendering high_scores/new
Completed in 151ms (View: 103, DB: 0) | 200 OK [http://localhost/high_scores/new]


Processing HighScoresController#create (for 127.0.0.1 at 2009-02-22 17:36:24) [POST]
  Parameters: {"commit"=>"Create", "authenticity_token"=>"df79656efc833e04af2788b59cf1bb08fd843e88", "high_score"=>{"score"=>"20010", "full_name"=>"Annie"}}
  [4;35;1mHighScore Create (14.4ms)[0m   [0mINSERT INTO "high_scores" ("score", "updated_at", "full_name", "created_at") VALUES(20010, '2009-02-22 21:36:24', 'Annie', '2009-02-22 21:36:24')[0m
Redirected to #<HighScore:0x23f1108>
Completed in 103ms (DB: 14) | 302 Found [http://localhost/high_scores]


Processing HighScoresController#show (for 127.0.0.1 at 2009-02-22 17:36:24) [GET]
  Parameters: {"id"=>"5"}
  [4;36;1mHighScore Load (0.5ms)[0m   [0;1mSELECT * FROM "high_scores" WHERE ("high_scores"."id" = 5) [0m
Rendering template within layouts/high_scores
Rendering high_scores/show
Completed in 67ms (View: 42, DB: 0) | 200 OK [http://localhost/high_scores/5]


Processing Top100Controller#index to xml (for 127.0.0.1 at 2009-02-22 17:36:28) [GET]
  [4;35;1mHighScore Load (1.3ms)[0m   [0mSELECT * FROM "high_scores" ORDER BY score desc LIMIT 100[0m
Completed in 13ms (View: 6, DB: 1) | 200 OK [http://localhost/top100.xml]


Processing HighScoresController#index (for 127.0.0.1 at 2009-02-22 20:26:55) [GET]
  [4;36;1mHighScore Load (63.6ms)[0m   [0;1mSELECT * FROM "high_scores" [0m
Rendering template within layouts/high_scores
Rendering high_scores/index
Completed in 1593ms (View: 1027, DB: 64) | 200 OK [http://localhost/high_scores]


Processing HighScoresController#destroy (for 127.0.0.1 at 2009-02-22 20:27:03) [DELETE]
  Parameters: {"authenticity_token"=>"df79656efc833e04af2788b59cf1bb08fd843e88", "id"=>"5"}
  [4;35;1mHighScore Load (29.9ms)[0m   [0mSELECT * FROM "high_scores" WHERE ("high_scores"."id" = 5) [0m
  [4;36;1mHighScore Destroy (0.6ms)[0m   [0;1mDELETE FROM "high_scores" WHERE "id" = 5[0m
Redirected to http://localhost:3000/high_scores
Completed in 77ms (DB: 31) | 302 Found [http://localhost/high_scores/5]


Processing HighScoresController#index (for 127.0.0.1 at 2009-02-22 20:27:03) [GET]
  [4;35;1mHighScore Load (2.4ms)[0m   [0mSELECT * FROM "high_scores" [0m
Rendering template within layouts/high_scores
Rendering high_scores/index
Completed in 44ms (View: 31, DB: 2) | 200 OK [http://localhost/high_scores]


Processing Top100Controller#index to xml (for 127.0.0.1 at 2009-02-24 12:35:35) [GET]
  [4;36;1mHighScore Load (1.7ms)[0m   [0;1mSELECT * FROM "high_scores" ORDER BY score desc LIMIT 100[0m
Completed in 154ms (View: 133, DB: 2) | 200 OK [http://localhost/top100.xml]


Processing Top100Controller#index to xml (for 127.0.0.1 at 2009-02-24 12:37:24) [GET]
  [4;35;1mHighScore Load (1.1ms)[0m   [0mSELECT * FROM "high_scores" ORDER BY score desc LIMIT 100[0m
Completed in 10ms (View: 3, DB: 1) | 200 OK [http://localhost/top100.xml]


Processing Top100Controller#index to xml (for 127.0.0.1 at 2009-02-24 18:45:54) [GET]
  [4;36;1mHighScore Load (15.0ms)[0m   [0;1mSELECT * FROM "high_scores" ORDER BY score desc LIMIT 100[0m
Completed in 865ms (View: 471, DB: 15) | 200 OK [http://localhost/top100.xml]


Processing Top100Controller#index to xml (for 127.0.0.1 at 2009-02-24 18:46:02) [GET]
  [4;35;1mHighScore Load (32.9ms)[0m   [0mSELECT * FROM "high_scores" ORDER BY score desc LIMIT 100[0m
Completed in 75ms (View: 19, DB: 33) | 200 OK [http://localhost/top100.xml]


Processing Top100Controller#index to xml (for 127.0.0.1 at 2009-02-24 18:47:12) [GET]
  [4;36;1mHighScore Load (1.7ms)[0m   [0;1mSELECT * FROM "high_scores" ORDER BY score desc LIMIT 100[0m
Completed in 121ms (View: 11, DB: 2) | 200 OK [http://localhost/top100.xml]


Processing Top100Controller#index to xml (for 127.0.0.1 at 2009-02-24 18:47:50) [GET]
  [4;35;1mHighScore Load (1.2ms)[0m   [0mSELECT * FROM "high_scores" ORDER BY score desc LIMIT 100[0m
Completed in 19ms (View: 7, DB: 1) | 200 OK [http://localhost/top100.xml]


Processing Top100Controller#index to xml (for 127.0.0.1 at 2009-02-24 18:47:53) [GET]
  [4;36;1mHighScore Load (1.4ms)[0m   [0;1mSELECT * FROM "high_scores" ORDER BY score desc LIMIT 100[0m
Completed in 39ms (View: 5, DB: 1) | 200 OK [http://localhost/top100.xml]


Processing ApplicationController#index to xml (for 127.0.0.1 at 2009-03-02 12:40:33) [GET]


NameError (uninitialized constant Top100ScoresController):
    /Library/Ruby/Gems/1.8/gems/activesupport-2.2.2/lib/active_support/dependencies.rb:445:in `load_missing_constant'
    /Library/Ruby/Gems/1.8/gems/activesupport-2.2.2/lib/active_support/dependencies.rb:77:in `const_missing'
    /Library/Ruby/Gems/1.8/gems/activesupport-2.2.2/lib/active_support/dependencies.rb:89:in `const_missing'
    /Library/Ruby/Gems/1.8/gems/activesupport-2.2.2/lib/active_support/inflector.rb:352:in `constantize'
    /Library/Ruby/Gems/1.8/gems/activesupport-2.2.2/lib/active_support/inflector.rb:351:in `each'
    /Library/Ruby/Gems/1.8/gems/activesupport-2.2.2/lib/active_support/inflector.rb:351:in `constantize'
    /Library/Ruby/Gems/1.8/gems/activesupport-2.2.2/lib/active_support/core_ext/string/inflections.rb:162:in `constantize'
    /Library/Ruby/Gems/1.8/gems/actionpack-2.2.2/lib/action_controller/routing/route_set.rb:388:in `recognize'
    /Library/Ruby/Gems/1.8/gems/actionpack-2.2.2/lib/action_controller/dispatcher.rb:182:in `handle_request'
    /Library/Ruby/Gems/1.8/gems/actionpack-2.2.2/lib/action_controller/dispatcher.rb:110:in `dispatch_unlocked'
    /Library/Ruby/Gems/1.8/gems/actionpack-2.2.2/lib/action_controller/dispatcher.rb:123:in `dispatch'
    /Library/Ruby/Gems/1.8/gems/actionpack-2.2.2/lib/action_controller/dispatcher.rb:122:in `synchronize'
    /Library/Ruby/Gems/1.8/gems/actionpack-2.2.2/lib/action_controller/dispatcher.rb:122:in `dispatch'
    /Library/Ruby/Gems/1.8/gems/actionpack-2.2.2/lib/action_controller/dispatcher.rb:132:in `dispatch_cgi'
    /Library/Ruby/Gems/1.8/gems/actionpack-2.2.2/lib/action_controller/dispatcher.rb:39:in `dispatch'
    /Library/Ruby/Gems/1.8/gems/mongrel-1.1.5/bin/../lib/mongrel/rails.rb:76:in `process'
    /Library/Ruby/Gems/1.8/gems/mongrel-1.1.5/bin/../lib/mongrel/rails.rb:74:in `synchronize'
    /Library/Ruby/Gems/1.8/gems/mongrel-1.1.5/bin/../lib/mongrel/rails.rb:74:in `process'
    /Library/Ruby/Gems/1.8/gems/mongrel-1.1.5/lib/mongrel.rb:159:in `process_client'
    /Library/Ruby/Gems/1.8/gems/mongrel-1.1.5/lib/mongrel.rb:158:in `each'
    /Library/Ruby/Gems/1.8/gems/mongrel-1.1.5/lib/mongrel.rb:158:in `process_client'
    /Library/Ruby/Gems/1.8/gems/mongrel-1.1.5/lib/mongrel.rb:285:in `run'
    /Library/Ruby/Gems/1.8/gems/mongrel-1.1.5/lib/mongrel.rb:285:in `initialize'
    /Library/Ruby/Gems/1.8/gems/mongrel-1.1.5/lib/mongrel.rb:285:in `new'
    /Library/Ruby/Gems/1.8/gems/mongrel-1.1.5/lib/mongrel.rb:285:in `run'
    /Library/Ruby/Gems/1.8/gems/mongrel-1.1.5/lib/mongrel.rb:268:in `initialize'
    /Library/Ruby/Gems/1.8/gems/mongrel-1.1.5/lib/mongrel.rb:268:in `new'
    /Library/Ruby/Gems/1.8/gems/mongrel-1.1.5/lib/mongrel.rb:268:in `run'
    /Library/Ruby/Gems/1.8/gems/mongrel-1.1.5/lib/mongrel/configurator.rb:282:in `run'
    /Library/Ruby/Gems/1.8/gems/mongrel-1.1.5/lib/mongrel/configurator.rb:281:in `each'
    /Library/Ruby/Gems/1.8/gems/mongrel-1.1.5/lib/mongrel/configurator.rb:281:in `run'
    /Library/Ruby/Gems/1.8/gems/mongrel-1.1.5/bin/mongrel_rails:128:in `run'
    /Library/Ruby/Gems/1.8/gems/mongrel-1.1.5/lib/mongrel/command.rb:212:in `run'
    /Library/Ruby/Gems/1.8/gems/mongrel-1.1.5/bin/mongrel_rails:281
    /Library/Ruby/Gems/1.8/gems/activesupport-2.2.2/lib/active_support/dependencies.rb:142:in `load_without_new_constant_marking'
    /Library/Ruby/Gems/1.8/gems/activesupport-2.2.2/lib/active_support/dependencies.rb:142:in `load'
    /Library/Ruby/Gems/1.8/gems/activesupport-2.2.2/lib/active_support/dependencies.rb:521:in `new_constants_in'
    /Library/Ruby/Gems/1.8/gems/activesupport-2.2.2/lib/active_support/dependencies.rb:142:in `load'
    /Library/Ruby/Gems/1.8/gems/rails-2.2.2/lib/commands/servers/mongrel.rb:64
    /Library/Ruby/Site/1.8/rubygems/custom_require.rb:31:in `gem_original_require'
    /Library/Ruby/Site/1.8/rubygems/custom_require.rb:31:in `require'
    /Library/Ruby/Gems/1.8/gems/activesupport-2.2.2/lib/active_support/dependencies.rb:153:in `require'
    /Library/Ruby/Gems/1.8/gems/activesupport-2.2.2/lib/active_support/dependencies.rb:521:in `new_constants_in'
    /Library/Ruby/Gems/1.8/gems/activesupport-2.2.2/lib/active_support/dependencies.rb:153:in `require'
    /Library/Ruby/Gems/1.8/gems/rails-2.2.2/lib/commands/server.rb:49
    /Library/Ruby/Site/1.8/rubygems/custom_require.rb:31:in `gem_original_require'
    /Library/Ruby/Site/1.8/rubygems/custom_require.rb:31:in `require'
    script/server:3

Rendered /Library/Ruby/Gems/1.8/gems/actionpack-2.2.2/lib/action_controller/templates/rescues/_trace (35.9ms)
Rendered /Library/Ruby/Gems/1.8/gems/actionpack-2.2.2/lib/action_controller/templates/rescues/_request_and_response (1.0ms)
Rendering /Library/Ruby/Gems/1.8/gems/actionpack-2.2.2/lib/action_controller/templates/rescues/layout.erb (internal_server_error)


Processing Top100ScoresController#index to xml (for 127.0.0.1 at 2009-03-02 12:45:15) [GET]
  [4;36;1mHighScore Load (3.5ms)[0m   [0;1mSELECT * FROM "high_scores" ORDER BY score desc LIMIT 100[0m
Completed in 163ms (View: 140, DB: 4) | 200 OK [http://localhost/top_100_scores.xml]


Processing Top100ScoresController#index to xml (for 127.0.0.1 at 2009-03-02 12:48:05) [GET]
  [4;35;1mHighScore Load (1.3ms)[0m   [0mSELECT * FROM "high_scores" ORDER BY score desc LIMIT 100[0m
Completed in 33ms (View: 5, DB: 1) | 200 OK [http://localhost/top_100_scores.xml]


Processing Top100ScoresController#index to xml (for 127.0.0.1 at 2009-03-02 12:58:00) [GET]
  [4;36;1mHighScore Load (1.2ms)[0m   [0;1mSELECT * FROM "high_scores" ORDER BY score desc LIMIT 100[0m
Completed in 12ms (View: 4, DB: 1) | 200 OK [http://localhost/top_100_scores.xml]


Processing Top100ScoresController#index to xml (for 127.0.0.1 at 2009-03-02 13:00:19) [GET]
  [4;35;1mHighScore Load (1.9ms)[0m   [0mSELECT * FROM "high_scores" ORDER BY score desc LIMIT 100[0m
Completed in 40ms (View: 14, DB: 2) | 200 OK [http://localhost/top_100_scores.xml]


Processing Top100ScoresController#index to xml (for 127.0.0.1 at 2009-03-02 13:02:48) [GET]
  [4;36;1mHighScore Load (1.1ms)[0m   [0;1mSELECT * FROM "high_scores" ORDER BY score desc LIMIT 100[0m
Completed in 23ms (View: 15, DB: 1) | 200 OK [http://localhost/top_100_scores.xml]


Processing Top100ScoresController#index to xml (for 127.0.0.1 at 2009-03-02 13:03:16) [GET]
  [4;35;1mHighScore Load (3.1ms)[0m   [0mSELECT * FROM "high_scores" ORDER BY score desc LIMIT 100[0m
Completed in 21ms (View: 4, DB: 3) | 200 OK [http://localhost/top_100_scores.xml]
